<?xml version="1.0" encoding="utf-8"?><testsuites name="pytest tests"><testsuite name="pytest" errors="0" failures="0" skipped="0" tests="4384" time="19.921" timestamp="2026-08-25T09:58:42.509743+02:00" hostname="zyte-adrian-laptop"><testcase classname="tests.test_on_fetched_robotstxt" name="test_no_exceptions[path_to_robotstxt0]" file="tests/test_on_fetched_robotstxt.py" line="10" time="0.003" /><testcase classname="tests.test_on_fetched_robotstxt" name="test_no_exceptions[path_to_robotstxt1]" file="tests/test_on_fetched_robotstxt.py" line="10" time="0.001" /><testcase classname="tests.test_on_fetched_robotstxt" name="test_no_exceptions[path_to_robotstxt2]" file="tests/test_on_fetched_robotstxt.py" line="10" time="0.001" /><testcase classname="tests.test_on_fetched_robotstxt" name="test_no_exceptions[path_to_robotstxt3]" file="tests/test_on_fetched_robotstxt.py" line="10" time="0.003" /><testcase classname="tests.test_on_fetched_robotstxt" name="test_no_exceptions[path_to_robotstxt4]" file="tests/test_on_fetched_robotstxt.py" line="10" time="0.004" /><testcase classname="tests.test_on_fetched_robotstxt" name="test_no_exceptions[path_to_robotstxt5]" file="tests/test_on_fetched_robotstxt.py" line="10" time="0.003" /><testcase classname="tests.test_on_fetched_robotstxt" name="test_no_exceptions[path_to_robotstxt6]" file="tests/test_on_fetched_robotstxt.py" line="10" time="0.005" /><testcase classname="tests.test_on_fetched_robotstxt" name="test_no_exceptions[path_to_robotstxt7]" file="tests/test_on_fetched_robotstxt.py" line="10" time="0.001" /><testcase classname="tests.test_on_fetched_robotstxt" name="test_no_exceptions[path_to_robotstxt8]" file="tests/test_on_fetched_robotstxt.py" line="10" time="0.001" /><testcase classname="tests.test_on_fetched_robotstxt" name="test_no_exceptions[path_to_robotstxt9]" file="tests/test_on_fetched_robotstxt.py" line="10" time="0.001" /><testcase classname="tests.test_on_fetched_robotstxt" name="test_no_exceptions[path_to_robotstxt10]" file="tests/test_on_fetched_robotstxt.py" line="10" time="0.001" /><testcase classname="tests.test_on_fetched_robotstxt" name="test_no_exceptions[path_to_robotstxt11]" file="tests/test_on_fetched_robotstxt.py" line="10" time="0.002" /><testcase classname="tests.test_on_fetched_robotstxt" name="test_no_exceptions[path_to_robotstxt12]" file="tests/test_on_fetched_robotstxt.py" line="10" time="0.001" /><testcase classname="tests.test_on_fetched_robotstxt" name="test_no_exceptions[path_to_robotstxt13]" file="tests/test_on_fetched_robotstxt.py" line="10" time="0.001" /><testcase classname="tests.test_on_fetched_robotstxt" name="test_no_exceptions[path_to_robotstxt14]" file="tests/test_on_fetched_robotstxt.py" line="10" time="0.003" /><testcase classname="tests.test_on_fetched_robotstxt" name="test_no_exceptions[path_to_robotstxt15]" file="tests/test_on_fetched_robotstxt.py" line="10" time="0.007" /><testcase classname="tests.test_on_fetched_robotstxt" name="test_no_exceptions[path_to_robotstxt16]" file="tests/test_on_fetched_robotstxt.py" line="10" time="0.002" /><testcase classname="tests.test_on_fetched_robotstxt" name="test_no_exceptions[path_to_robotstxt17]" file="tests/test_on_fetched_robotstxt.py" line="10" time="0.005" /><testcase classname="tests.test_on_fetched_robotstxt" name="test_no_exceptions[path_to_robotstxt18]" file="tests/test_on_fetched_robotstxt.py" line="10" time="0.001" /><testcase classname="tests.test_on_fetched_robotstxt" name="test_no_exceptions[path_to_robotstxt19]" file="tests/test_on_fetched_robotstxt.py" line="10" time="0.001" /><testcase classname="tests.test_on_fetched_robotstxt" name="test_no_exceptions[path_to_robotstxt20]" file="tests/test_on_fetched_robotstxt.py" line="10" time="0.001" /><testcase classname="tests.test_on_fetched_robotstxt" name="test_no_exceptions[path_to_robotstxt21]" file="tests/test_on_fetched_robotstxt.py" line="10" time="0.002" /><testcase classname="tests.test_on_fetched_robotstxt" name="test_no_exceptions[path_to_robotstxt22]" file="tests/test_on_fetched_robotstxt.py" line="10" time="0.002" /><testcase classname="tests.test_on_fetched_robotstxt" name="test_no_exceptions[path_to_robotstxt23]" file="tests/test_on_fetched_robotstxt.py" line="10" time="0.002" /><testcase classname="tests.test_on_fetched_robotstxt" name="test_no_exceptions[path_to_robotstxt24]" file="tests/test_on_fetched_robotstxt.py" line="10" time="0.004" /><testcase classname="tests.test_on_fetched_robotstxt" name="test_no_exceptions[path_to_robotstxt25]" file="tests/test_on_fetched_robotstxt.py" line="10" time="0.002" /><testcase classname="tests.test_on_fetched_robotstxt" name="test_no_exceptions[path_to_robotstxt26]" file="tests/test_on_fetched_robotstxt.py" line="10" time="0.001" /><testcase classname="tests.test_on_fetched_robotstxt" name="test_no_exceptions[path_to_robotstxt27]" file="tests/test_on_fetched_robotstxt.py" line="10" time="0.003" /><testcase classname="tests.test_on_fetched_robotstxt" name="test_no_exceptions[path_to_robotstxt28]" file="tests/test_on_fetched_robotstxt.py" line="10" time="0.002" /><testcase classname="tests.test_on_fetched_robotstxt" name="test_no_exceptions[path_to_robotstxt29]" file="tests/test_on_fetched_robotstxt.py" line="10" time="0.003" /><testcase classname="tests.test_on_fetched_robotstxt" name="test_no_exceptions[path_to_robotstxt30]" file="tests/test_on_fetched_robotstxt.py" line="10" time="0.002" /><testcase classname="tests.test_on_fetched_robotstxt" name="test_no_exceptions[path_to_robotstxt31]" file="tests/test_on_fetched_robotstxt.py" line="10" time="0.003" /><testcase classname="tests.test_on_fetched_robotstxt" name="test_no_exceptions[path_to_robotstxt32]" file="tests/test_on_fetched_robotstxt.py" line="10" time="0.001" /><testcase classname="tests.test_on_fetched_robotstxt" name="test_no_exceptions[path_to_robotstxt33]" file="tests/test_on_fetched_robotstxt.py" line="10" time="0.001" /><testcase classname="tests.test_on_fetched_robotstxt" name="test_no_exceptions[path_to_robotstxt34]" file="tests/test_on_fetched_robotstxt.py" line="10" time="0.001" /><testcase classname="tests.test_on_fetched_robotstxt" name="test_no_exceptions[path_to_robotstxt35]" file="tests/test_on_fetched_robotstxt.py" line="10" time="0.001" /><testcase classname="tests.test_on_fetched_robotstxt" name="test_no_exceptions[path_to_robotstxt36]" file="tests/test_on_fetched_robotstxt.py" line="10" time="0.001" /><testcase classname="tests.test_on_fetched_robotstxt" name="test_no_exceptions[path_to_robotstxt37]" file="tests/test_on_fetched_robotstxt.py" line="10" time="0.001" /><testcase classname="tests.test_on_fetched_robotstxt" name="test_no_exceptions[path_to_robotstxt38]" file="tests/test_on_fetched_robotstxt.py" line="10" time="0.001" /><testcase classname="tests.test_on_fetched_robotstxt" name="test_no_exceptions[path_to_robotstxt39]" file="tests/test_on_fetched_robotstxt.py" line="10" time="0.037" /><testcase classname="tests.test_on_fetched_robotstxt" name="test_no_exceptions[path_to_robotstxt40]" file="tests/test_on_fetched_robotstxt.py" line="10" time="0.003" /><testcase classname="tests.test_on_fetched_robotstxt" name="test_no_exceptions[path_to_robotstxt41]" file="tests/test_on_fetched_robotstxt.py" line="10" time="0.004" /><testcase classname="tests.test_on_fetched_robotstxt" name="test_no_exceptions[path_to_robotstxt42]" file="tests/test_on_fetched_robotstxt.py" line="10" time="0.002" /><testcase classname="tests.test_on_fetched_robotstxt" name="test_no_exceptions[path_to_robotstxt43]" file="tests/test_on_fetched_robotstxt.py" line="10" time="0.010" /><testcase classname="tests.test_on_fetched_robotstxt" name="test_no_exceptions[path_to_robotstxt44]" file="tests/test_on_fetched_robotstxt.py" line="10" time="0.002" /><testcase classname="tests.test_on_fetched_robotstxt" name="test_no_exceptions[path_to_robotstxt45]" file="tests/test_on_fetched_robotstxt.py" line="10" time="0.002" /><testcase classname="tests.test_on_fetched_robotstxt" name="test_no_exceptions[path_to_robotstxt46]" file="tests/test_on_fetched_robotstxt.py" line="10" time="0.002" /><testcase classname="tests.test_on_fetched_robotstxt" name="test_no_exceptions[path_to_robotstxt47]" file="tests/test_on_fetched_robotstxt.py" line="10" time="0.002" /><testcase classname="tests.test_on_fetched_robotstxt" name="test_no_exceptions[path_to_robotstxt48]" file="tests/test_on_fetched_robotstxt.py" line="10" time="0.002" /><testcase classname="tests.test_on_fetched_robotstxt" name="test_no_exceptions[path_to_robotstxt49]" file="tests/test_on_fetched_robotstxt.py" line="10" time="0.002" /><testcase classname="tests.test_on_fetched_robotstxt" name="test_no_exceptions[path_to_robotstxt50]" file="tests/test_on_fetched_robotstxt.py" line="10" time="0.002" /><testcase classname="tests.test_on_fetched_robotstxt" name="test_no_exceptions[path_to_robotstxt51]" file="tests/test_on_fetched_robotstxt.py" line="10" time="0.002" /><testcase classname="tests.test_on_fetched_robotstxt" name="test_no_exceptions[path_to_robotstxt52]" file="tests/test_on_fetched_robotstxt.py" line="10" time="0.001" /><testcase classname="tests.test_on_fetched_robotstxt" name="test_no_exceptions[path_to_robotstxt53]" file="tests/test_on_fetched_robotstxt.py" line="10" time="0.004" /><testcase classname="tests.test_on_fetched_robotstxt" name="test_no_exceptions[path_to_robotstxt54]" file="tests/test_on_fetched_robotstxt.py" line="10" time="0.002" /><testcase classname="tests.test_on_fetched_robotstxt" name="test_no_exceptions[path_to_robotstxt55]" file="tests/test_on_fetched_robotstxt.py" line="10" time="0.001" /><testcase classname="tests.test_on_fetched_robotstxt" name="test_no_exceptions[path_to_robotstxt56]" file="tests/test_on_fetched_robotstxt.py" line="10" time="0.001" /><testcase classname="tests.test_on_fetched_robotstxt" name="test_no_exceptions[path_to_robotstxt57]" file="tests/test_on_fetched_robotstxt.py" line="10" time="0.003" /><testcase classname="tests.test_on_fetched_robotstxt" name="test_no_exceptions[path_to_robotstxt58]" file="tests/test_on_fetched_robotstxt.py" line="10" time="0.001" /><testcase classname="tests.test_on_fetched_robotstxt" name="test_no_exceptions[path_to_robotstxt59]" file="tests/test_on_fetched_robotstxt.py" line="10" time="0.002" /><testcase classname="tests.test_on_fetched_robotstxt" name="test_no_exceptions[path_to_robotstxt60]" file="tests/test_on_fetched_robotstxt.py" line="10" time="0.001" /><testcase classname="tests.test_on_fetched_robotstxt" name="test_no_exceptions[path_to_robotstxt61]" file="tests/test_on_fetched_robotstxt.py" line="10" time="0.003" /><testcase classname="tests.test_on_fetched_robotstxt" name="test_no_exceptions[path_to_robotstxt62]" file="tests/test_on_fetched_robotstxt.py" line="10" time="0.001" /><testcase classname="tests.test_on_fetched_robotstxt" name="test_no_exceptions[path_to_robotstxt63]" file="tests/test_on_fetched_robotstxt.py" line="10" time="0.001" /><testcase classname="tests.test_on_fetched_robotstxt" name="test_no_exceptions[path_to_robotstxt64]" file="tests/test_on_fetched_robotstxt.py" line="10" time="0.005" /><testcase classname="tests.test_on_fetched_robotstxt" name="test_no_exceptions[path_to_robotstxt65]" file="tests/test_on_fetched_robotstxt.py" line="10" time="0.002" /><testcase classname="tests.test_on_fetched_robotstxt" name="test_no_exceptions[path_to_robotstxt66]" file="tests/test_on_fetched_robotstxt.py" line="10" time="0.004" /><testcase classname="tests.test_on_fetched_robotstxt" name="test_no_exceptions[path_to_robotstxt67]" file="tests/test_on_fetched_robotstxt.py" line="10" time="0.001" /><testcase classname="tests.test_on_fetched_robotstxt" name="test_no_exceptions[path_to_robotstxt68]" file="tests/test_on_fetched_robotstxt.py" line="10" time="0.001" /><testcase classname="tests.test_on_fetched_robotstxt" name="test_no_exceptions[path_to_robotstxt69]" file="tests/test_on_fetched_robotstxt.py" line="10" time="0.001" /><testcase classname="tests.test_on_fetched_robotstxt" name="test_no_exceptions[path_to_robotstxt70]" file="tests/test_on_fetched_robotstxt.py" line="10" time="0.001" /><testcase classname="tests.test_on_fetched_robotstxt" name="test_no_exceptions[path_to_robotstxt71]" file="tests/test_on_fetched_robotstxt.py" line="10" time="0.001" /><testcase classname="tests.test_on_fetched_robotstxt" name="test_no_exceptions[path_to_robotstxt72]" file="tests/test_on_fetched_robotstxt.py" line="10" time="0.001" /><testcase classname="tests.test_on_fetched_robotstxt" name="test_no_exceptions[path_to_robotstxt73]" file="tests/test_on_fetched_robotstxt.py" line="10" time="0.005" /><testcase classname="tests.test_on_fetched_robotstxt" name="test_no_exceptions[path_to_robotstxt74]" file="tests/test_on_fetched_robotstxt.py" line="10" time="0.001" /><testcase classname="tests.test_on_fetched_robotstxt" name="test_no_exceptions[path_to_robotstxt75]" file="tests/test_on_fetched_robotstxt.py" line="10" time="0.010" /><testcase classname="tests.test_on_fetched_robotstxt" name="test_no_exceptions[path_to_robotstxt76]" file="tests/test_on_fetched_robotstxt.py" line="10" time="0.041" /><testcase classname="tests.test_on_fetched_robotstxt" name="test_no_exceptions[path_to_robotstxt77]" file="tests/test_on_fetched_robotstxt.py" line="10" time="0.002" /><testcase classname="tests.test_on_fetched_robotstxt" name="test_no_exceptions[path_to_robotstxt78]" file="tests/test_on_fetched_robotstxt.py" line="10" time="0.002" /><testcase classname="tests.test_on_fetched_robotstxt" name="test_no_exceptions[path_to_robotstxt79]" file="tests/test_on_fetched_robotstxt.py" line="10" time="0.001" /><testcase classname="tests.test_on_fetched_robotstxt" name="test_no_exceptions[path_to_robotstxt80]" file="tests/test_on_fetched_robotstxt.py" line="10" time="0.002" /><testcase classname="tests.test_on_fetched_robotstxt" name="test_no_exceptions[path_to_robotstxt81]" file="tests/test_on_fetched_robotstxt.py" line="10" time="0.001" /><testcase classname="tests.test_on_fetched_robotstxt" name="test_no_exceptions[path_to_robotstxt82]" file="tests/test_on_fetched_robotstxt.py" line="10" time="0.001" /><testcase classname="tests.test_on_fetched_robotstxt" name="test_no_exceptions[path_to_robotstxt83]" file="tests/test_on_fetched_robotstxt.py" line="10" time="0.002" /><testcase classname="tests.test_on_fetched_robotstxt" name="test_no_exceptions[path_to_robotstxt84]" file="tests/test_on_fetched_robotstxt.py" line="10" time="0.002" /><testcase classname="tests.test_on_fetched_robotstxt" name="test_no_exceptions[path_to_robotstxt85]" file="tests/test_on_fetched_robotstxt.py" line="10" time="0.003" /><testcase classname="tests.test_on_fetched_robotstxt" name="test_no_exceptions[path_to_robotstxt86]" file="tests/test_on_fetched_robotstxt.py" line="10" time="0.001" /><testcase classname="tests.test_on_fetched_robotstxt" name="test_no_exceptions[path_to_robotstxt87]" file="tests/test_on_fetched_robotstxt.py" line="10" time="0.001" /><testcase classname="tests.test_on_fetched_robotstxt" name="test_no_exceptions[path_to_robotstxt88]" file="tests/test_on_fetched_robotstxt.py" line="10" time="0.001" /><testcase classname="tests.test_on_fetched_robotstxt" name="test_no_exceptions[path_to_robotstxt89]" file="tests/test_on_fetched_robotstxt.py" line="10" time="0.001" /><testcase classname="tests.test_on_fetched_robotstxt" name="test_no_exceptions[path_to_robotstxt90]" file="tests/test_on_fetched_robotstxt.py" line="10" time="0.003" /><testcase classname="tests.test_on_fetched_robotstxt" name="test_no_exceptions[path_to_robotstxt91]" file="tests/test_on_fetched_robotstxt.py" line="10" time="0.001" /><testcase classname="tests.test_on_fetched_robotstxt" name="test_no_exceptions[path_to_robotstxt92]" file="tests/test_on_fetched_robotstxt.py" line="10" time="0.003" /><testcase classname="tests.test_on_fetched_robotstxt" name="test_no_exceptions[path_to_robotstxt93]" file="tests/test_on_fetched_robotstxt.py" line="10" time="0.001" /><testcase classname="tests.test_on_fetched_robotstxt" name="test_no_exceptions[path_to_robotstxt94]" file="tests/test_on_fetched_robotstxt.py" line="10" time="0.003" /><testcase classname="tests.test_on_fetched_robotstxt" name="test_no_exceptions[path_to_robotstxt95]" file="tests/test_on_fetched_robotstxt.py" line="10" time="0.001" /><testcase classname="tests.test_on_fetched_robotstxt" name="test_no_exceptions[path_to_robotstxt96]" file="tests/test_on_fetched_robotstxt.py" line="10" time="0.002" /><testcase classname="tests.test_on_fetched_robotstxt" name="test_no_exceptions[path_to_robotstxt97]" file="tests/test_on_fetched_robotstxt.py" line="10" time="0.004" /><testcase classname="tests.test_on_fetched_robotstxt" name="test_no_exceptions[path_to_robotstxt98]" file="tests/test_on_fetched_robotstxt.py" line="10" time="0.002" /><testcase classname="tests.test_on_fetched_robotstxt" name="test_no_exceptions[path_to_robotstxt99]" file="tests/test_on_fetched_robotstxt.py" line="10" time="0.196" /><testcase classname="tests.test_on_fetched_robotstxt" name="test_no_exceptions[path_to_robotstxt100]" file="tests/test_on_fetched_robotstxt.py" line="10" time="0.001" /><testcase classname="tests.test_on_fetched_robotstxt" name="test_no_exceptions[path_to_robotstxt101]" file="tests/test_on_fetched_robotstxt.py" line="10" time="0.001" /><testcase classname="tests.test_on_fetched_robotstxt" name="test_no_exceptions[path_to_robotstxt102]" file="tests/test_on_fetched_robotstxt.py" line="10" time="0.001" /><testcase classname="tests.test_on_fetched_robotstxt" name="test_no_exceptions[path_to_robotstxt103]" file="tests/test_on_fetched_robotstxt.py" line="10" time="0.005" /><testcase classname="tests.test_on_fetched_robotstxt" name="test_no_exceptions[path_to_robotstxt104]" file="tests/test_on_fetched_robotstxt.py" line="10" time="0.003" /><testcase classname="tests.test_on_fetched_robotstxt" name="test_no_exceptions[path_to_robotstxt105]" file="tests/test_on_fetched_robotstxt.py" line="10" time="0.004" /><testcase classname="tests.test_on_fetched_robotstxt" name="test_no_exceptions[path_to_robotstxt106]" file="tests/test_on_fetched_robotstxt.py" line="10" time="0.002" /><testcase classname="tests.test_on_fetched_robotstxt" name="test_no_exceptions[path_to_robotstxt107]" file="tests/test_on_fetched_robotstxt.py" line="10" time="0.002" /><testcase classname="tests.test_on_fetched_robotstxt" name="test_no_exceptions[path_to_robotstxt108]" file="tests/test_on_fetched_robotstxt.py" line="10" time="0.001" /><testcase classname="tests.test_on_fetched_robotstxt" name="test_no_exceptions[path_to_robotstxt109]" file="tests/test_on_fetched_robotstxt.py" line="10" time="0.003" /><testcase classname="tests.test_on_fetched_robotstxt" name="test_no_exceptions[path_to_robotstxt110]" file="tests/test_on_fetched_robotstxt.py" line="10" time="0.003" /><testcase classname="tests.test_on_fetched_robotstxt" name="test_no_exceptions[path_to_robotstxt111]" file="tests/test_on_fetched_robotstxt.py" line="10" time="0.001" /><testcase classname="tests.test_on_fetched_robotstxt" name="test_no_exceptions[path_to_robotstxt112]" file="tests/test_on_fetched_robotstxt.py" line="10" time="0.001" /><testcase classname="tests.test_on_fetched_robotstxt" name="test_no_exceptions[path_to_robotstxt113]" file="tests/test_on_fetched_robotstxt.py" line="10" time="0.001" /><testcase classname="tests.test_on_fetched_robotstxt" name="test_no_exceptions[path_to_robotstxt114]" file="tests/test_on_fetched_robotstxt.py" line="10" time="0.002" /><testcase classname="tests.test_on_fetched_robotstxt" name="test_no_exceptions[path_to_robotstxt115]" file="tests/test_on_fetched_robotstxt.py" line="10" time="0.002" /><testcase classname="tests.test_on_fetched_robotstxt" name="test_no_exceptions[path_to_robotstxt116]" file="tests/test_on_fetched_robotstxt.py" line="10" time="0.016" /><testcase classname="tests.test_on_fetched_robotstxt" name="test_no_exceptions[path_to_robotstxt117]" file="tests/test_on_fetched_robotstxt.py" line="10" time="0.003" /><testcase classname="tests.test_on_fetched_robotstxt" name="test_no_exceptions[path_to_robotstxt118]" file="tests/test_on_fetched_robotstxt.py" line="10" time="0.002" /><testcase classname="tests.test_on_fetched_robotstxt" name="test_no_exceptions[path_to_robotstxt119]" file="tests/test_on_fetched_robotstxt.py" line="10" time="0.004" /><testcase classname="tests.test_on_fetched_robotstxt" name="test_no_exceptions[path_to_robotstxt120]" file="tests/test_on_fetched_robotstxt.py" line="10" time="0.001" /><testcase classname="tests.test_on_fetched_robotstxt" name="test_no_exceptions[path_to_robotstxt121]" file="tests/test_on_fetched_robotstxt.py" line="10" time="0.007" /><testcase classname="tests.test_on_fetched_robotstxt" name="test_no_exceptions[path_to_robotstxt122]" file="tests/test_on_fetched_robotstxt.py" line="10" time="0.001" /><testcase classname="tests.test_on_fetched_robotstxt" name="test_no_exceptions[path_to_robotstxt123]" file="tests/test_on_fetched_robotstxt.py" line="10" time="0.001" /><testcase classname="tests.test_on_fetched_robotstxt" name="test_no_exceptions[path_to_robotstxt124]" file="tests/test_on_fetched_robotstxt.py" line="10" time="0.008" /><testcase classname="tests.test_on_fetched_robotstxt" name="test_no_exceptions[path_to_robotstxt125]" file="tests/test_on_fetched_robotstxt.py" line="10" time="0.002" /><testcase classname="tests.test_on_fetched_robotstxt" name="test_no_exceptions[path_to_robotstxt126]" file="tests/test_on_fetched_robotstxt.py" line="10" time="0.003" /><testcase classname="tests.test_on_fetched_robotstxt" name="test_no_exceptions[path_to_robotstxt127]" file="tests/test_on_fetched_robotstxt.py" line="10" time="0.004" /><testcase classname="tests.test_on_fetched_robotstxt" name="test_no_exceptions[path_to_robotstxt128]" file="tests/test_on_fetched_robotstxt.py" line="10" time="0.001" /><testcase classname="tests.test_on_fetched_robotstxt" name="test_no_exceptions[path_to_robotstxt129]" file="tests/test_on_fetched_robotstxt.py" line="10" time="0.001" /><testcase classname="tests.test_on_fetched_robotstxt" name="test_no_exceptions[path_to_robotstxt130]" file="tests/test_on_fetched_robotstxt.py" line="10" time="0.006" /><testcase classname="tests.test_on_fetched_robotstxt" name="test_no_exceptions[path_to_robotstxt131]" file="tests/test_on_fetched_robotstxt.py" line="10" time="0.002" /><testcase classname="tests.test_on_fetched_robotstxt" name="test_no_exceptions[path_to_robotstxt132]" file="tests/test_on_fetched_robotstxt.py" line="10" time="0.003" /><testcase classname="tests.test_on_fetched_robotstxt" name="test_no_exceptions[path_to_robotstxt133]" file="tests/test_on_fetched_robotstxt.py" line="10" time="0.001" /><testcase classname="tests.test_on_fetched_robotstxt" name="test_no_exceptions[path_to_robotstxt134]" file="tests/test_on_fetched_robotstxt.py" line="10" time="0.002" /><testcase classname="tests.test_on_fetched_robotstxt" name="test_no_exceptions[path_to_robotstxt135]" file="tests/test_on_fetched_robotstxt.py" line="10" time="0.003" /><testcase classname="tests.test_on_fetched_robotstxt" name="test_no_exceptions[path_to_robotstxt136]" file="tests/test_on_fetched_robotstxt.py" line="10" time="0.006" /><testcase classname="tests.test_on_fetched_robotstxt" name="test_no_exceptions[path_to_robotstxt137]" file="tests/test_on_fetched_robotstxt.py" line="10" time="0.001" /><testcase classname="tests.test_on_fetched_robotstxt" name="test_no_exceptions[path_to_robotstxt138]" file="tests/test_on_fetched_robotstxt.py" line="10" time="0.001" /><testcase classname="tests.test_on_fetched_robotstxt" name="test_no_exceptions[path_to_robotstxt139]" file="tests/test_on_fetched_robotstxt.py" line="10" time="0.001" /><testcase classname="tests.test_on_fetched_robotstxt" name="test_no_exceptions[path_to_robotstxt140]" file="tests/test_on_fetched_robotstxt.py" line="10" time="0.001" /><testcase classname="tests.test_on_fetched_robotstxt" name="test_no_exceptions[path_to_robotstxt141]" file="tests/test_on_fetched_robotstxt.py" line="10" time="0.001" /><testcase classname="tests.test_on_fetched_robotstxt" name="test_no_exceptions[path_to_robotstxt142]" file="tests/test_on_fetched_robotstxt.py" line="10" time="0.002" /><testcase classname="tests.test_on_fetched_robotstxt" name="test_no_exceptions[path_to_robotstxt143]" file="tests/test_on_fetched_robotstxt.py" line="10" time="0.001" /><testcase classname="tests.test_on_fetched_robotstxt" name="test_no_exceptions[path_to_robotstxt144]" file="tests/test_on_fetched_robotstxt.py" line="10" time="0.001" /><testcase classname="tests.test_on_fetched_robotstxt" name="test_no_exceptions[path_to_robotstxt145]" file="tests/test_on_fetched_robotstxt.py" line="10" time="0.002" /><testcase classname="tests.test_on_fetched_robotstxt" name="test_no_exceptions[path_to_robotstxt146]" file="tests/test_on_fetched_robotstxt.py" line="10" time="0.001" /><testcase classname="tests.test_on_fetched_robotstxt" name="test_no_exceptions[path_to_robotstxt147]" file="tests/test_on_fetched_robotstxt.py" line="10" time="0.002" /><testcase classname="tests.test_on_fetched_robotstxt" name="test_no_exceptions[path_to_robotstxt148]" file="tests/test_on_fetched_robotstxt.py" line="10" time="0.002" /><testcase classname="tests.test_on_fetched_robotstxt" name="test_no_exceptions[path_to_robotstxt149]" file="tests/test_on_fetched_robotstxt.py" line="10" time="0.001" /><testcase classname="tests.test_on_fetched_robotstxt" name="test_no_exceptions[path_to_robotstxt150]" file="tests/test_on_fetched_robotstxt.py" line="10" time="0.001" /><testcase classname="tests.test_on_fetched_robotstxt" name="test_no_exceptions[path_to_robotstxt151]" file="tests/test_on_fetched_robotstxt.py" line="10" time="0.003" /><testcase classname="tests.test_on_fetched_robotstxt" name="test_no_exceptions[path_to_robotstxt152]" file="tests/test_on_fetched_robotstxt.py" line="10" time="0.002" /><testcase classname="tests.test_on_fetched_robotstxt" name="test_no_exceptions[path_to_robotstxt153]" file="tests/test_on_fetched_robotstxt.py" line="10" time="0.012" /><testcase classname="tests.test_on_fetched_robotstxt" name="test_no_exceptions[path_to_robotstxt154]" file="tests/test_on_fetched_robotstxt.py" line="10" time="0.001" /><testcase classname="tests.test_on_fetched_robotstxt" name="test_no_exceptions[path_to_robotstxt155]" file="tests/test_on_fetched_robotstxt.py" line="10" time="0.001" /><testcase classname="tests.test_on_fetched_robotstxt" name="test_no_exceptions[path_to_robotstxt156]" file="tests/test_on_fetched_robotstxt.py" line="10" time="0.003" /><testcase classname="tests.test_on_fetched_robotstxt" name="test_no_exceptions[path_to_robotstxt157]" file="tests/test_on_fetched_robotstxt.py" line="10" time="0.001" /><testcase classname="tests.test_on_fetched_robotstxt" name="test_no_exceptions[path_to_robotstxt158]" file="tests/test_on_fetched_robotstxt.py" line="10" time="0.001" /><testcase classname="tests.test_on_fetched_robotstxt" name="test_no_exceptions[path_to_robotstxt159]" file="tests/test_on_fetched_robotstxt.py" line="10" time="0.001" /><testcase classname="tests.test_on_fetched_robotstxt" name="test_no_exceptions[path_to_robotstxt160]" file="tests/test_on_fetched_robotstxt.py" line="10" time="0.001" /><testcase classname="tests.test_on_fetched_robotstxt" name="test_no_exceptions[path_to_robotstxt161]" file="tests/test_on_fetched_robotstxt.py" line="10" time="0.003" /><testcase classname="tests.test_on_fetched_robotstxt" name="test_no_exceptions[path_to_robotstxt162]" file="tests/test_on_fetched_robotstxt.py" line="10" time="0.002" /><testcase classname="tests.test_on_fetched_robotstxt" name="test_no_exceptions[path_to_robotstxt163]" file="tests/test_on_fetched_robotstxt.py" line="10" time="0.005" /><testcase classname="tests.test_on_fetched_robotstxt" name="test_no_exceptions[path_to_robotstxt164]" file="tests/test_on_fetched_robotstxt.py" line="10" time="0.001" /><testcase classname="tests.test_on_fetched_robotstxt" name="test_no_exceptions[path_to_robotstxt165]" file="tests/test_on_fetched_robotstxt.py" line="10" time="0.001" /><testcase classname="tests.test_on_fetched_robotstxt" name="test_no_exceptions[path_to_robotstxt166]" file="tests/test_on_fetched_robotstxt.py" line="10" time="0.001" /><testcase classname="tests.test_on_fetched_robotstxt" name="test_no_exceptions[path_to_robotstxt167]" file="tests/test_on_fetched_robotstxt.py" line="10" time="0.001" /><testcase classname="tests.test_on_fetched_robotstxt" name="test_no_exceptions[path_to_robotstxt168]" file="tests/test_on_fetched_robotstxt.py" line="10" time="0.001" /><testcase classname="tests.test_on_fetched_robotstxt" name="test_no_exceptions[path_to_robotstxt169]" file="tests/test_on_fetched_robotstxt.py" line="10" time="0.002" /><testcase classname="tests.test_on_fetched_robotstxt" name="test_no_exceptions[path_to_robotstxt170]" file="tests/test_on_fetched_robotstxt.py" line="10" time="0.002" /><testcase classname="tests.test_on_fetched_robotstxt" name="test_no_exceptions[path_to_robotstxt171]" file="tests/test_on_fetched_robotstxt.py" line="10" time="0.001" /><testcase classname="tests.test_on_fetched_robotstxt" name="test_no_exceptions[path_to_robotstxt172]" file="tests/test_on_fetched_robotstxt.py" line="10" time="0.002" /><testcase classname="tests.test_on_fetched_robotstxt" name="test_no_exceptions[path_to_robotstxt173]" file="tests/test_on_fetched_robotstxt.py" line="10" time="0.004" /><testcase classname="tests.test_on_fetched_robotstxt" name="test_no_exceptions[path_to_robotstxt174]" file="tests/test_on_fetched_robotstxt.py" line="10" time="0.001" /><testcase classname="tests.test_on_fetched_robotstxt" name="test_no_exceptions[path_to_robotstxt175]" file="tests/test_on_fetched_robotstxt.py" line="10" time="0.001" /><testcase classname="tests.test_on_fetched_robotstxt" name="test_no_exceptions[path_to_robotstxt176]" file="tests/test_on_fetched_robotstxt.py" line="10" time="0.003" /><testcase classname="tests.test_on_fetched_robotstxt" name="test_no_exceptions[path_to_robotstxt177]" file="tests/test_on_fetched_robotstxt.py" line="10" time="0.001" /><testcase classname="tests.test_on_fetched_robotstxt" name="test_no_exceptions[path_to_robotstxt178]" file="tests/test_on_fetched_robotstxt.py" line="10" time="0.003" /><testcase classname="tests.test_on_fetched_robotstxt" name="test_no_exceptions[path_to_robotstxt179]" file="tests/test_on_fetched_robotstxt.py" line="10" time="0.001" /><testcase classname="tests.test_on_fetched_robotstxt" name="test_no_exceptions[path_to_robotstxt180]" file="tests/test_on_fetched_robotstxt.py" line="10" time="0.001" /><testcase classname="tests.test_on_fetched_robotstxt" name="test_no_exceptions[path_to_robotstxt181]" file="tests/test_on_fetched_robotstxt.py" line="10" time="0.002" /><testcase classname="tests.test_on_fetched_robotstxt" name="test_no_exceptions[path_to_robotstxt182]" file="tests/test_on_fetched_robotstxt.py" line="10" time="0.001" /><testcase classname="tests.test_on_fetched_robotstxt" name="test_no_exceptions[path_to_robotstxt183]" file="tests/test_on_fetched_robotstxt.py" line="10" time="0.001" /><testcase classname="tests.test_on_fetched_robotstxt" name="test_no_exceptions[path_to_robotstxt184]" file="tests/test_on_fetched_robotstxt.py" line="10" time="0.001" /><testcase classname="tests.test_on_fetched_robotstxt" name="test_no_exceptions[path_to_robotstxt185]" file="tests/test_on_fetched_robotstxt.py" line="10" time="0.020" /><testcase classname="tests.test_on_fetched_robotstxt" name="test_no_exceptions[path_to_robotstxt186]" file="tests/test_on_fetched_robotstxt.py" line="10" time="0.001" /><testcase classname="tests.test_on_fetched_robotstxt" name="test_no_exceptions[path_to_robotstxt187]" file="tests/test_on_fetched_robotstxt.py" line="10" time="0.001" /><testcase classname="tests.test_on_fetched_robotstxt" name="test_no_exceptions[path_to_robotstxt188]" file="tests/test_on_fetched_robotstxt.py" line="10" time="0.002" /><testcase classname="tests.test_on_fetched_robotstxt" name="test_no_exceptions[path_to_robotstxt189]" file="tests/test_on_fetched_robotstxt.py" line="10" time="0.001" /><testcase classname="tests.test_on_fetched_robotstxt" name="test_no_exceptions[path_to_robotstxt190]" file="tests/test_on_fetched_robotstxt.py" line="10" time="0.001" /><testcase classname="tests.test_on_fetched_robotstxt" name="test_no_exceptions[path_to_robotstxt191]" file="tests/test_on_fetched_robotstxt.py" line="10" time="0.001" /><testcase classname="tests.test_on_fetched_robotstxt" name="test_no_exceptions[path_to_robotstxt192]" file="tests/test_on_fetched_robotstxt.py" line="10" time="0.002" /><testcase classname="tests.test_on_fetched_robotstxt" name="test_no_exceptions[path_to_robotstxt193]" file="tests/test_on_fetched_robotstxt.py" line="10" time="0.001" /><testcase classname="tests.test_on_fetched_robotstxt" name="test_no_exceptions[path_to_robotstxt194]" file="tests/test_on_fetched_robotstxt.py" line="10" time="0.001" /><testcase classname="tests.test_on_fetched_robotstxt" name="test_no_exceptions[path_to_robotstxt195]" file="tests/test_on_fetched_robotstxt.py" line="10" time="0.001" /><testcase classname="tests.test_on_fetched_robotstxt" name="test_no_exceptions[path_to_robotstxt196]" file="tests/test_on_fetched_robotstxt.py" line="10" time="0.001" /><testcase classname="tests.test_on_fetched_robotstxt" name="test_no_exceptions[path_to_robotstxt197]" file="tests/test_on_fetched_robotstxt.py" line="10" time="0.001" /><testcase classname="tests.test_on_fetched_robotstxt" name="test_no_exceptions[path_to_robotstxt198]" file="tests/test_on_fetched_robotstxt.py" line="10" time="0.001" /><testcase classname="tests.test_on_fetched_robotstxt" name="test_no_exceptions[path_to_robotstxt199]" file="tests/test_on_fetched_robotstxt.py" line="10" time="0.007" /><testcase classname="tests.test_on_fetched_robotstxt" name="test_no_exceptions[path_to_robotstxt200]" file="tests/test_on_fetched_robotstxt.py" line="10" time="0.025" /><testcase classname="tests.test_on_fetched_robotstxt" name="test_no_exceptions[path_to_robotstxt201]" file="tests/test_on_fetched_robotstxt.py" line="10" time="0.022" /><testcase classname="tests.test_on_fetched_robotstxt" name="test_no_exceptions[path_to_robotstxt202]" file="tests/test_on_fetched_robotstxt.py" line="10" time="0.002" /><testcase classname="tests.test_on_fetched_robotstxt" name="test_no_exceptions[path_to_robotstxt203]" file="tests/test_on_fetched_robotstxt.py" line="10" time="0.002" /><testcase classname="tests.test_on_fetched_robotstxt" name="test_no_exceptions[path_to_robotstxt204]" file="tests/test_on_fetched_robotstxt.py" line="10" time="0.002" /><testcase classname="tests.test_on_fetched_robotstxt" name="test_no_exceptions[path_to_robotstxt205]" file="tests/test_on_fetched_robotstxt.py" line="10" time="0.001" /><testcase classname="tests.test_on_fetched_robotstxt" name="test_no_exceptions[path_to_robotstxt206]" file="tests/test_on_fetched_robotstxt.py" line="10" time="0.002" /><testcase classname="tests.test_on_fetched_robotstxt" name="test_no_exceptions[path_to_robotstxt207]" file="tests/test_on_fetched_robotstxt.py" line="10" time="0.005" /><testcase classname="tests.test_on_fetched_robotstxt" name="test_no_exceptions[path_to_robotstxt208]" file="tests/test_on_fetched_robotstxt.py" line="10" time="0.001" /><testcase classname="tests.test_on_fetched_robotstxt" name="test_no_exceptions[path_to_robotstxt209]" file="tests/test_on_fetched_robotstxt.py" line="10" time="0.002" /><testcase classname="tests.test_on_fetched_robotstxt" name="test_no_exceptions[path_to_robotstxt210]" file="tests/test_on_fetched_robotstxt.py" line="10" time="0.001" /><testcase classname="tests.test_on_fetched_robotstxt" name="test_no_exceptions[path_to_robotstxt211]" file="tests/test_on_fetched_robotstxt.py" line="10" time="0.002" /><testcase classname="tests.test_on_fetched_robotstxt" name="test_no_exceptions[path_to_robotstxt212]" file="tests/test_on_fetched_robotstxt.py" line="10" time="0.004" /><testcase classname="tests.test_on_fetched_robotstxt" name="test_no_exceptions[path_to_robotstxt213]" file="tests/test_on_fetched_robotstxt.py" line="10" time="0.001" /><testcase classname="tests.test_on_fetched_robotstxt" name="test_no_exceptions[path_to_robotstxt214]" file="tests/test_on_fetched_robotstxt.py" line="10" time="0.002" /><testcase classname="tests.test_on_fetched_robotstxt" name="test_no_exceptions[path_to_robotstxt215]" file="tests/test_on_fetched_robotstxt.py" line="10" time="0.003" /><testcase classname="tests.test_on_fetched_robotstxt" name="test_no_exceptions[path_to_robotstxt216]" file="tests/test_on_fetched_robotstxt.py" line="10" time="0.001" /><testcase classname="tests.test_on_fetched_robotstxt" name="test_no_exceptions[path_to_robotstxt217]" file="tests/test_on_fetched_robotstxt.py" line="10" time="0.001" /><testcase classname="tests.test_on_fetched_robotstxt" name="test_no_exceptions[path_to_robotstxt218]" file="tests/test_on_fetched_robotstxt.py" line="10" time="0.001" /><testcase classname="tests.test_on_fetched_robotstxt" name="test_no_exceptions[path_to_robotstxt219]" file="tests/test_on_fetched_robotstxt.py" line="10" time="0.001" /><testcase classname="tests.test_on_fetched_robotstxt" name="test_no_exceptions[path_to_robotstxt220]" file="tests/test_on_fetched_robotstxt.py" line="10" time="0.010" /><testcase classname="tests.test_on_fetched_robotstxt" name="test_no_exceptions[path_to_robotstxt221]" file="tests/test_on_fetched_robotstxt.py" line="10" time="0.001" /><testcase classname="tests.test_on_fetched_robotstxt" name="test_no_exceptions[path_to_robotstxt222]" file="tests/test_on_fetched_robotstxt.py" line="10" time="0.001" /><testcase classname="tests.test_on_fetched_robotstxt" name="test_no_exceptions[path_to_robotstxt223]" file="tests/test_on_fetched_robotstxt.py" line="10" time="0.001" /><testcase classname="tests.test_on_fetched_robotstxt" name="test_no_exceptions[path_to_robotstxt224]" file="tests/test_on_fetched_robotstxt.py" line="10" time="0.002" /><testcase classname="tests.test_on_fetched_robotstxt" name="test_no_exceptions[path_to_robotstxt225]" file="tests/test_on_fetched_robotstxt.py" line="10" time="0.004" /><testcase classname="tests.test_on_fetched_robotstxt" name="test_no_exceptions[path_to_robotstxt226]" file="tests/test_on_fetched_robotstxt.py" line="10" time="0.001" /><testcase classname="tests.test_on_fetched_robotstxt" name="test_no_exceptions[path_to_robotstxt227]" file="tests/test_on_fetched_robotstxt.py" line="10" time="0.002" /><testcase classname="tests.test_on_fetched_robotstxt" name="test_no_exceptions[path_to_robotstxt228]" file="tests/test_on_fetched_robotstxt.py" line="10" time="0.002" /><testcase classname="tests.test_on_fetched_robotstxt" name="test_no_exceptions[path_to_robotstxt229]" file="tests/test_on_fetched_robotstxt.py" line="10" time="0.001" /><testcase classname="tests.test_on_fetched_robotstxt" name="test_no_exceptions[path_to_robotstxt230]" file="tests/test_on_fetched_robotstxt.py" line="10" time="0.004" /><testcase classname="tests.test_on_fetched_robotstxt" name="test_no_exceptions[path_to_robotstxt231]" file="tests/test_on_fetched_robotstxt.py" line="10" time="0.002" /><testcase classname="tests.test_on_fetched_robotstxt" name="test_no_exceptions[path_to_robotstxt232]" file="tests/test_on_fetched_robotstxt.py" line="10" time="0.005" /><testcase classname="tests.test_on_fetched_robotstxt" name="test_no_exceptions[path_to_robotstxt233]" file="tests/test_on_fetched_robotstxt.py" line="10" time="0.003" /><testcase classname="tests.test_on_fetched_robotstxt" name="test_no_exceptions[path_to_robotstxt234]" file="tests/test_on_fetched_robotstxt.py" line="10" time="0.001" /><testcase classname="tests.test_on_fetched_robotstxt" name="test_no_exceptions[path_to_robotstxt235]" file="tests/test_on_fetched_robotstxt.py" line="10" time="0.003" /><testcase classname="tests.test_on_fetched_robotstxt" name="test_no_exceptions[path_to_robotstxt236]" file="tests/test_on_fetched_robotstxt.py" line="10" time="0.001" /><testcase classname="tests.test_on_fetched_robotstxt" name="test_no_exceptions[path_to_robotstxt237]" file="tests/test_on_fetched_robotstxt.py" line="10" time="0.003" /><testcase classname="tests.test_on_fetched_robotstxt" name="test_no_exceptions[path_to_robotstxt238]" file="tests/test_on_fetched_robotstxt.py" line="10" time="0.019" /><testcase classname="tests.test_on_fetched_robotstxt" name="test_no_exceptions[path_to_robotstxt239]" file="tests/test_on_fetched_robotstxt.py" line="10" time="0.002" /><testcase classname="tests.test_on_fetched_robotstxt" name="test_no_exceptions[path_to_robotstxt240]" file="tests/test_on_fetched_robotstxt.py" line="10" time="0.002" /><testcase classname="tests.test_on_fetched_robotstxt" name="test_no_exceptions[path_to_robotstxt241]" file="tests/test_on_fetched_robotstxt.py" line="10" time="0.001" /><testcase classname="tests.test_on_fetched_robotstxt" name="test_no_exceptions[path_to_robotstxt242]" file="tests/test_on_fetched_robotstxt.py" line="10" time="0.004" /><testcase classname="tests.test_on_fetched_robotstxt" name="test_no_exceptions[path_to_robotstxt243]" file="tests/test_on_fetched_robotstxt.py" line="10" time="0.002" /><testcase classname="tests.test_on_fetched_robotstxt" name="test_no_exceptions[path_to_robotstxt244]" file="tests/test_on_fetched_robotstxt.py" line="10" time="0.011" /><testcase classname="tests.test_on_fetched_robotstxt" name="test_no_exceptions[path_to_robotstxt245]" file="tests/test_on_fetched_robotstxt.py" line="10" time="0.002" /><testcase classname="tests.test_on_fetched_robotstxt" name="test_no_exceptions[path_to_robotstxt246]" file="tests/test_on_fetched_robotstxt.py" line="10" time="0.002" /><testcase classname="tests.test_on_fetched_robotstxt" name="test_no_exceptions[path_to_robotstxt247]" file="tests/test_on_fetched_robotstxt.py" line="10" time="0.001" /><testcase classname="tests.test_on_fetched_robotstxt" name="test_no_exceptions[path_to_robotstxt248]" file="tests/test_on_fetched_robotstxt.py" line="10" time="0.002" /><testcase classname="tests.test_on_fetched_robotstxt" name="test_no_exceptions[path_to_robotstxt249]" file="tests/test_on_fetched_robotstxt.py" line="10" time="0.001" /><testcase classname="tests.test_on_fetched_robotstxt" name="test_no_exceptions[path_to_robotstxt250]" file="tests/test_on_fetched_robotstxt.py" line="10" time="0.001" /><testcase classname="tests.test_on_fetched_robotstxt" name="test_no_exceptions[path_to_robotstxt251]" file="tests/test_on_fetched_robotstxt.py" line="10" time="0.001" /><testcase classname="tests.test_on_fetched_robotstxt" name="test_no_exceptions[path_to_robotstxt252]" file="tests/test_on_fetched_robotstxt.py" line="10" time="0.002" /><testcase classname="tests.test_on_fetched_robotstxt" name="test_no_exceptions[path_to_robotstxt253]" file="tests/test_on_fetched_robotstxt.py" line="10" time="0.002" /><testcase classname="tests.test_on_fetched_robotstxt" name="test_no_exceptions[path_to_robotstxt254]" file="tests/test_on_fetched_robotstxt.py" line="10" time="0.001" /><testcase classname="tests.test_on_fetched_robotstxt" name="test_no_exceptions[path_to_robotstxt255]" file="tests/test_on_fetched_robotstxt.py" line="10" time="0.003" /><testcase classname="tests.test_on_fetched_robotstxt" name="test_no_exceptions[path_to_robotstxt256]" file="tests/test_on_fetched_robotstxt.py" line="10" time="0.003" /><testcase classname="tests.test_on_fetched_robotstxt" name="test_no_exceptions[path_to_robotstxt257]" file="tests/test_on_fetched_robotstxt.py" line="10" time="0.001" /><testcase classname="tests.test_on_fetched_robotstxt" name="test_no_exceptions[path_to_robotstxt258]" file="tests/test_on_fetched_robotstxt.py" line="10" time="0.004" /><testcase classname="tests.test_on_fetched_robotstxt" name="test_no_exceptions[path_to_robotstxt259]" file="tests/test_on_fetched_robotstxt.py" line="10" time="0.001" /><testcase classname="tests.test_on_fetched_robotstxt" name="test_no_exceptions[path_to_robotstxt260]" file="tests/test_on_fetched_robotstxt.py" line="10" time="0.002" /><testcase classname="tests.test_on_fetched_robotstxt" name="test_no_exceptions[path_to_robotstxt261]" file="tests/test_on_fetched_robotstxt.py" line="10" time="0.003" /><testcase classname="tests.test_on_fetched_robotstxt" name="test_no_exceptions[path_to_robotstxt262]" file="tests/test_on_fetched_robotstxt.py" line="10" time="0.009" /><testcase classname="tests.test_on_fetched_robotstxt" name="test_no_exceptions[path_to_robotstxt263]" file="tests/test_on_fetched_robotstxt.py" line="10" time="0.030" /><testcase classname="tests.test_on_fetched_robotstxt" name="test_no_exceptions[path_to_robotstxt264]" file="tests/test_on_fetched_robotstxt.py" line="10" time="0.004" /><testcase classname="tests.test_on_fetched_robotstxt" name="test_no_exceptions[path_to_robotstxt265]" file="tests/test_on_fetched_robotstxt.py" line="10" time="0.001" /><testcase classname="tests.test_on_fetched_robotstxt" name="test_no_exceptions[path_to_robotstxt266]" file="tests/test_on_fetched_robotstxt.py" line="10" time="0.003" /><testcase classname="tests.test_on_fetched_robotstxt" name="test_no_exceptions[path_to_robotstxt267]" file="tests/test_on_fetched_robotstxt.py" line="10" time="0.001" /><testcase classname="tests.test_on_fetched_robotstxt" name="test_no_exceptions[path_to_robotstxt268]" file="tests/test_on_fetched_robotstxt.py" line="10" time="0.018" /><testcase classname="tests.test_on_fetched_robotstxt" name="test_no_exceptions[path_to_robotstxt269]" file="tests/test_on_fetched_robotstxt.py" line="10" time="0.001" /><testcase classname="tests.test_on_fetched_robotstxt" name="test_no_exceptions[path_to_robotstxt270]" file="tests/test_on_fetched_robotstxt.py" line="10" time="0.005" /><testcase classname="tests.test_on_fetched_robotstxt" name="test_no_exceptions[path_to_robotstxt271]" file="tests/test_on_fetched_robotstxt.py" line="10" time="0.001" /><testcase classname="tests.test_on_fetched_robotstxt" name="test_no_exceptions[path_to_robotstxt272]" file="tests/test_on_fetched_robotstxt.py" line="10" time="0.003" /><testcase classname="tests.test_on_fetched_robotstxt" name="test_no_exceptions[path_to_robotstxt273]" file="tests/test_on_fetched_robotstxt.py" line="10" time="0.002" /><testcase classname="tests.test_on_fetched_robotstxt" name="test_no_exceptions[path_to_robotstxt274]" file="tests/test_on_fetched_robotstxt.py" line="10" time="0.002" /><testcase classname="tests.test_on_fetched_robotstxt" name="test_no_exceptions[path_to_robotstxt275]" file="tests/test_on_fetched_robotstxt.py" line="10" time="0.001" /><testcase classname="tests.test_on_fetched_robotstxt" name="test_no_exceptions[path_to_robotstxt276]" file="tests/test_on_fetched_robotstxt.py" line="10" time="0.002" /><testcase classname="tests.test_on_fetched_robotstxt" name="test_no_exceptions[path_to_robotstxt277]" file="tests/test_on_fetched_robotstxt.py" line="10" time="0.001" /><testcase classname="tests.test_on_fetched_robotstxt" name="test_no_exceptions[path_to_robotstxt278]" file="tests/test_on_fetched_robotstxt.py" line="10" time="0.001" /><testcase classname="tests.test_on_fetched_robotstxt" name="test_no_exceptions[path_to_robotstxt279]" file="tests/test_on_fetched_robotstxt.py" line="10" time="0.002" /><testcase classname="tests.test_on_fetched_robotstxt" name="test_no_exceptions[path_to_robotstxt280]" file="tests/test_on_fetched_robotstxt.py" line="10" time="0.001" /><testcase classname="tests.test_on_fetched_robotstxt" name="test_no_exceptions[path_to_robotstxt281]" file="tests/test_on_fetched_robotstxt.py" line="10" time="0.001" /><testcase classname="tests.test_on_fetched_robotstxt" name="test_no_exceptions[path_to_robotstxt282]" file="tests/test_on_fetched_robotstxt.py" line="10" time="0.001" /><testcase classname="tests.test_on_fetched_robotstxt" name="test_no_exceptions[path_to_robotstxt283]" file="tests/test_on_fetched_robotstxt.py" line="10" time="0.001" /><testcase classname="tests.test_on_fetched_robotstxt" name="test_no_exceptions[path_to_robotstxt284]" file="tests/test_on_fetched_robotstxt.py" line="10" time="0.001" /><testcase classname="tests.test_on_fetched_robotstxt" name="test_no_exceptions[path_to_robotstxt285]" file="tests/test_on_fetched_robotstxt.py" line="10" time="0.001" /><testcase classname="tests.test_on_fetched_robotstxt" name="test_no_exceptions[path_to_robotstxt286]" file="tests/test_on_fetched_robotstxt.py" line="10" time="0.003" /><testcase classname="tests.test_on_fetched_robotstxt" name="test_no_exceptions[path_to_robotstxt287]" file="tests/test_on_fetched_robotstxt.py" line="10" time="0.004" /><testcase classname="tests.test_on_fetched_robotstxt" name="test_no_exceptions[path_to_robotstxt288]" file="tests/test_on_fetched_robotstxt.py" line="10" time="0.001" /><testcase classname="tests.test_on_fetched_robotstxt" name="test_no_exceptions[path_to_robotstxt289]" file="tests/test_on_fetched_robotstxt.py" line="10" time="0.002" /><testcase classname="tests.test_on_fetched_robotstxt" name="test_no_exceptions[path_to_robotstxt290]" file="tests/test_on_fetched_robotstxt.py" line="10" time="0.001" /><testcase classname="tests.test_on_fetched_robotstxt" name="test_no_exceptions[path_to_robotstxt291]" file="tests/test_on_fetched_robotstxt.py" line="10" time="0.006" /><testcase classname="tests.test_on_fetched_robotstxt" name="test_no_exceptions[path_to_robotstxt292]" file="tests/test_on_fetched_robotstxt.py" line="10" time="0.003" /><testcase classname="tests.test_on_fetched_robotstxt" name="test_no_exceptions[path_to_robotstxt293]" file="tests/test_on_fetched_robotstxt.py" line="10" time="0.002" /><testcase classname="tests.test_on_fetched_robotstxt" name="test_no_exceptions[path_to_robotstxt294]" file="tests/test_on_fetched_robotstxt.py" line="10" time="0.001" /><testcase classname="tests.test_on_fetched_robotstxt" name="test_no_exceptions[path_to_robotstxt295]" file="tests/test_on_fetched_robotstxt.py" line="10" time="0.013" /><testcase classname="tests.test_on_fetched_robotstxt" name="test_no_exceptions[path_to_robotstxt296]" file="tests/test_on_fetched_robotstxt.py" line="10" time="0.003" /><testcase classname="tests.test_on_fetched_robotstxt" name="test_no_exceptions[path_to_robotstxt297]" file="tests/test_on_fetched_robotstxt.py" line="10" time="0.002" /><testcase classname="tests.test_on_fetched_robotstxt" name="test_no_exceptions[path_to_robotstxt298]" file="tests/test_on_fetched_robotstxt.py" line="10" time="0.002" /><testcase classname="tests.test_on_fetched_robotstxt" name="test_no_exceptions[path_to_robotstxt299]" file="tests/test_on_fetched_robotstxt.py" line="10" time="0.001" /><testcase classname="tests.test_on_fetched_robotstxt" name="test_no_exceptions[path_to_robotstxt300]" file="tests/test_on_fetched_robotstxt.py" line="10" time="0.002" /><testcase classname="tests.test_on_fetched_robotstxt" name="test_no_exceptions[path_to_robotstxt301]" file="tests/test_on_fetched_robotstxt.py" line="10" time="0.001" /><testcase classname="tests.test_on_fetched_robotstxt" name="test_no_exceptions[path_to_robotstxt302]" file="tests/test_on_fetched_robotstxt.py" line="10" time="0.002" /><testcase classname="tests.test_on_fetched_robotstxt" name="test_no_exceptions[path_to_robotstxt303]" file="tests/test_on_fetched_robotstxt.py" line="10" time="0.001" /><testcase classname="tests.test_on_fetched_robotstxt" name="test_no_exceptions[path_to_robotstxt304]" file="tests/test_on_fetched_robotstxt.py" line="10" time="0.001" /><testcase classname="tests.test_on_fetched_robotstxt" name="test_no_exceptions[path_to_robotstxt305]" file="tests/test_on_fetched_robotstxt.py" line="10" time="0.003" /><testcase classname="tests.test_on_fetched_robotstxt" name="test_no_exceptions[path_to_robotstxt306]" file="tests/test_on_fetched_robotstxt.py" line="10" time="0.004" /><testcase classname="tests.test_on_fetched_robotstxt" name="test_no_exceptions[path_to_robotstxt307]" file="tests/test_on_fetched_robotstxt.py" line="10" time="0.003" /><testcase classname="tests.test_on_fetched_robotstxt" name="test_no_exceptions[path_to_robotstxt308]" file="tests/test_on_fetched_robotstxt.py" line="10" time="0.004" /><testcase classname="tests.test_on_fetched_robotstxt" name="test_no_exceptions[path_to_robotstxt309]" file="tests/test_on_fetched_robotstxt.py" line="10" time="0.005" /><testcase classname="tests.test_on_fetched_robotstxt" name="test_no_exceptions[path_to_robotstxt310]" file="tests/test_on_fetched_robotstxt.py" line="10" time="0.006" /><testcase classname="tests.test_on_fetched_robotstxt" name="test_no_exceptions[path_to_robotstxt311]" file="tests/test_on_fetched_robotstxt.py" line="10" time="0.002" /><testcase classname="tests.test_on_fetched_robotstxt" name="test_no_exceptions[path_to_robotstxt312]" file="tests/test_on_fetched_robotstxt.py" line="10" time="0.001" /><testcase classname="tests.test_on_fetched_robotstxt" name="test_no_exceptions[path_to_robotstxt313]" file="tests/test_on_fetched_robotstxt.py" line="10" time="0.006" /><testcase classname="tests.test_on_fetched_robotstxt" name="test_no_exceptions[path_to_robotstxt314]" file="tests/test_on_fetched_robotstxt.py" line="10" time="0.002" /><testcase classname="tests.test_on_fetched_robotstxt" name="test_no_exceptions[path_to_robotstxt315]" file="tests/test_on_fetched_robotstxt.py" line="10" time="0.001" /><testcase classname="tests.test_on_fetched_robotstxt" name="test_no_exceptions[path_to_robotstxt316]" file="tests/test_on_fetched_robotstxt.py" line="10" time="0.002" /><testcase classname="tests.test_on_fetched_robotstxt" name="test_no_exceptions[path_to_robotstxt317]" file="tests/test_on_fetched_robotstxt.py" line="10" time="0.003" /><testcase classname="tests.test_on_fetched_robotstxt" name="test_no_exceptions[path_to_robotstxt318]" file="tests/test_on_fetched_robotstxt.py" line="10" time="0.004" /><testcase classname="tests.test_on_fetched_robotstxt" name="test_no_exceptions[path_to_robotstxt319]" file="tests/test_on_fetched_robotstxt.py" line="10" time="0.002" /><testcase classname="tests.test_on_fetched_robotstxt" name="test_no_exceptions[path_to_robotstxt320]" file="tests/test_on_fetched_robotstxt.py" line="10" time="0.005" /><testcase classname="tests.test_on_fetched_robotstxt" name="test_no_exceptions[path_to_robotstxt321]" file="tests/test_on_fetched_robotstxt.py" line="10" time="0.002" /><testcase classname="tests.test_on_fetched_robotstxt" name="test_no_exceptions[path_to_robotstxt322]" file="tests/test_on_fetched_robotstxt.py" line="10" time="0.007" /><testcase classname="tests.test_on_fetched_robotstxt" name="test_no_exceptions[path_to_robotstxt323]" file="tests/test_on_fetched_robotstxt.py" line="10" time="0.002" /><testcase classname="tests.test_on_fetched_robotstxt" name="test_no_exceptions[path_to_robotstxt324]" file="tests/test_on_fetched_robotstxt.py" line="10" time="0.003" /><testcase classname="tests.test_on_fetched_robotstxt" name="test_no_exceptions[path_to_robotstxt325]" file="tests/test_on_fetched_robotstxt.py" line="10" time="0.002" /><testcase classname="tests.test_on_fetched_robotstxt" name="test_no_exceptions[path_to_robotstxt326]" file="tests/test_on_fetched_robotstxt.py" line="10" time="0.017" /><testcase classname="tests.test_on_fetched_robotstxt" name="test_no_exceptions[path_to_robotstxt327]" file="tests/test_on_fetched_robotstxt.py" line="10" time="0.002" /><testcase classname="tests.test_on_fetched_robotstxt" name="test_no_exceptions[path_to_robotstxt328]" file="tests/test_on_fetched_robotstxt.py" line="10" time="0.004" /><testcase classname="tests.test_on_fetched_robotstxt" name="test_no_exceptions[path_to_robotstxt329]" file="tests/test_on_fetched_robotstxt.py" line="10" time="0.002" /><testcase classname="tests.test_on_fetched_robotstxt" name="test_no_exceptions[path_to_robotstxt330]" file="tests/test_on_fetched_robotstxt.py" line="10" time="0.001" /><testcase classname="tests.test_on_fetched_robotstxt" name="test_no_exceptions[path_to_robotstxt331]" file="tests/test_on_fetched_robotstxt.py" line="10" time="0.006" /><testcase classname="tests.test_on_fetched_robotstxt" name="test_no_exceptions[path_to_robotstxt332]" file="tests/test_on_fetched_robotstxt.py" line="10" time="0.001" /><testcase classname="tests.test_on_fetched_robotstxt" name="test_no_exceptions[path_to_robotstxt333]" file="tests/test_on_fetched_robotstxt.py" line="10" time="0.002" /><testcase classname="tests.test_on_fetched_robotstxt" name="test_no_exceptions[path_to_robotstxt334]" file="tests/test_on_fetched_robotstxt.py" line="10" time="0.002" /><testcase classname="tests.test_on_fetched_robotstxt" name="test_no_exceptions[path_to_robotstxt335]" file="tests/test_on_fetched_robotstxt.py" line="10" time="0.001" /><testcase classname="tests.test_on_fetched_robotstxt" name="test_no_exceptions[path_to_robotstxt336]" file="tests/test_on_fetched_robotstxt.py" line="10" time="0.002" /><testcase classname="tests.test_on_fetched_robotstxt" name="test_no_exceptions[path_to_robotstxt337]" file="tests/test_on_fetched_robotstxt.py" line="10" time="0.001" /><testcase classname="tests.test_on_fetched_robotstxt" name="test_no_exceptions[path_to_robotstxt338]" file="tests/test_on_fetched_robotstxt.py" line="10" time="0.004" /><testcase classname="tests.test_on_fetched_robotstxt" name="test_no_exceptions[path_to_robotstxt339]" file="tests/test_on_fetched_robotstxt.py" line="10" time="0.003" /><testcase classname="tests.test_on_fetched_robotstxt" name="test_no_exceptions[path_to_robotstxt340]" file="tests/test_on_fetched_robotstxt.py" line="10" time="0.002" /><testcase classname="tests.test_on_fetched_robotstxt" name="test_no_exceptions[path_to_robotstxt341]" file="tests/test_on_fetched_robotstxt.py" line="10" time="0.001" /><testcase classname="tests.test_on_fetched_robotstxt" name="test_no_exceptions[path_to_robotstxt342]" file="tests/test_on_fetched_robotstxt.py" line="10" time="0.001" /><testcase classname="tests.test_on_fetched_robotstxt" name="test_no_exceptions[path_to_robotstxt343]" file="tests/test_on_fetched_robotstxt.py" line="10" time="0.005" /><testcase classname="tests.test_on_fetched_robotstxt" name="test_no_exceptions[path_to_robotstxt344]" file="tests/test_on_fetched_robotstxt.py" line="10" time="0.003" /><testcase classname="tests.test_on_fetched_robotstxt" name="test_no_exceptions[path_to_robotstxt345]" file="tests/test_on_fetched_robotstxt.py" line="10" time="0.001" /><testcase classname="tests.test_on_fetched_robotstxt" name="test_no_exceptions[path_to_robotstxt346]" file="tests/test_on_fetched_robotstxt.py" line="10" time="0.001" /><testcase classname="tests.test_on_fetched_robotstxt" name="test_no_exceptions[path_to_robotstxt347]" file="tests/test_on_fetched_robotstxt.py" line="10" time="0.001" /><testcase classname="tests.test_on_fetched_robotstxt" name="test_no_exceptions[path_to_robotstxt348]" file="tests/test_on_fetched_robotstxt.py" line="10" time="0.001" /><testcase classname="tests.test_on_fetched_robotstxt" name="test_no_exceptions[path_to_robotstxt349]" file="tests/test_on_fetched_robotstxt.py" line="10" time="0.002" /><testcase classname="tests.test_on_fetched_robotstxt" name="test_no_exceptions[path_to_robotstxt350]" file="tests/test_on_fetched_robotstxt.py" line="10" time="0.004" /><testcase classname="tests.test_on_fetched_robotstxt" name="test_no_exceptions[path_to_robotstxt351]" file="tests/test_on_fetched_robotstxt.py" line="10" time="0.002" /><testcase classname="tests.test_on_fetched_robotstxt" name="test_no_exceptions[path_to_robotstxt352]" file="tests/test_on_fetched_robotstxt.py" line="10" time="0.003" /><testcase classname="tests.test_on_fetched_robotstxt" name="test_no_exceptions[path_to_robotstxt353]" file="tests/test_on_fetched_robotstxt.py" line="10" time="0.003" /><testcase classname="tests.test_on_fetched_robotstxt" name="test_no_exceptions[path_to_robotstxt354]" file="tests/test_on_fetched_robotstxt.py" line="10" time="0.001" /><testcase classname="tests.test_on_fetched_robotstxt" name="test_no_exceptions[path_to_robotstxt355]" file="tests/test_on_fetched_robotstxt.py" line="10" time="0.027" /><testcase classname="tests.test_on_fetched_robotstxt" name="test_no_exceptions[path_to_robotstxt356]" file="tests/test_on_fetched_robotstxt.py" line="10" time="0.003" /><testcase classname="tests.test_on_fetched_robotstxt" name="test_no_exceptions[path_to_robotstxt357]" file="tests/test_on_fetched_robotstxt.py" line="10" time="0.016" /><testcase classname="tests.test_on_fetched_robotstxt" name="test_no_exceptions[path_to_robotstxt358]" file="tests/test_on_fetched_robotstxt.py" line="10" time="0.001" /><testcase classname="tests.test_on_fetched_robotstxt" name="test_no_exceptions[path_to_robotstxt359]" file="tests/test_on_fetched_robotstxt.py" line="10" time="0.002" /><testcase classname="tests.test_on_fetched_robotstxt" name="test_no_exceptions[path_to_robotstxt360]" file="tests/test_on_fetched_robotstxt.py" line="10" time="0.002" /><testcase classname="tests.test_on_fetched_robotstxt" name="test_no_exceptions[path_to_robotstxt361]" file="tests/test_on_fetched_robotstxt.py" line="10" time="0.003" /><testcase classname="tests.test_on_fetched_robotstxt" name="test_no_exceptions[path_to_robotstxt362]" file="tests/test_on_fetched_robotstxt.py" line="10" time="0.013" /><testcase classname="tests.test_on_fetched_robotstxt" name="test_no_exceptions[path_to_robotstxt363]" file="tests/test_on_fetched_robotstxt.py" line="10" time="0.001" /><testcase classname="tests.test_on_fetched_robotstxt" name="test_no_exceptions[path_to_robotstxt364]" file="tests/test_on_fetched_robotstxt.py" line="10" time="0.002" /><testcase classname="tests.test_on_fetched_robotstxt" name="test_no_exceptions[path_to_robotstxt365]" file="tests/test_on_fetched_robotstxt.py" line="10" time="0.001" /><testcase classname="tests.test_on_fetched_robotstxt" name="test_no_exceptions[path_to_robotstxt366]" file="tests/test_on_fetched_robotstxt.py" line="10" time="0.001" /><testcase classname="tests.test_on_fetched_robotstxt" name="test_no_exceptions[path_to_robotstxt367]" file="tests/test_on_fetched_robotstxt.py" line="10" time="0.002" /><testcase classname="tests.test_on_fetched_robotstxt" name="test_no_exceptions[path_to_robotstxt368]" file="tests/test_on_fetched_robotstxt.py" line="10" time="0.004" /><testcase classname="tests.test_on_fetched_robotstxt" name="test_no_exceptions[path_to_robotstxt369]" file="tests/test_on_fetched_robotstxt.py" line="10" time="0.001" /><testcase classname="tests.test_on_fetched_robotstxt" name="test_no_exceptions[path_to_robotstxt370]" file="tests/test_on_fetched_robotstxt.py" line="10" time="0.001" /><testcase classname="tests.test_on_fetched_robotstxt" name="test_no_exceptions[path_to_robotstxt371]" file="tests/test_on_fetched_robotstxt.py" line="10" time="0.001" /><testcase classname="tests.test_on_fetched_robotstxt" name="test_no_exceptions[path_to_robotstxt372]" file="tests/test_on_fetched_robotstxt.py" line="10" time="0.001" /><testcase classname="tests.test_on_fetched_robotstxt" name="test_no_exceptions[path_to_robotstxt373]" file="tests/test_on_fetched_robotstxt.py" line="10" time="0.017" /><testcase classname="tests.test_on_fetched_robotstxt" name="test_no_exceptions[path_to_robotstxt374]" file="tests/test_on_fetched_robotstxt.py" line="10" time="0.002" /><testcase classname="tests.test_on_fetched_robotstxt" name="test_no_exceptions[path_to_robotstxt375]" file="tests/test_on_fetched_robotstxt.py" line="10" time="0.002" /><testcase classname="tests.test_on_fetched_robotstxt" name="test_no_exceptions[path_to_robotstxt376]" file="tests/test_on_fetched_robotstxt.py" line="10" time="0.001" /><testcase classname="tests.test_on_fetched_robotstxt" name="test_no_exceptions[path_to_robotstxt377]" file="tests/test_on_fetched_robotstxt.py" line="10" time="0.004" /><testcase classname="tests.test_on_fetched_robotstxt" name="test_no_exceptions[path_to_robotstxt378]" file="tests/test_on_fetched_robotstxt.py" line="10" time="0.002" /><testcase classname="tests.test_on_fetched_robotstxt" name="test_no_exceptions[path_to_robotstxt379]" file="tests/test_on_fetched_robotstxt.py" line="10" time="0.002" /><testcase classname="tests.test_on_fetched_robotstxt" name="test_no_exceptions[path_to_robotstxt380]" file="tests/test_on_fetched_robotstxt.py" line="10" time="0.001" /><testcase classname="tests.test_on_fetched_robotstxt" name="test_no_exceptions[path_to_robotstxt381]" file="tests/test_on_fetched_robotstxt.py" line="10" time="0.001" /><testcase classname="tests.test_on_fetched_robotstxt" name="test_no_exceptions[path_to_robotstxt382]" file="tests/test_on_fetched_robotstxt.py" line="10" time="0.001" /><testcase classname="tests.test_on_fetched_robotstxt" name="test_no_exceptions[path_to_robotstxt383]" file="tests/test_on_fetched_robotstxt.py" line="10" time="0.002" /><testcase classname="tests.test_on_fetched_robotstxt" name="test_no_exceptions[path_to_robotstxt384]" file="tests/test_on_fetched_robotstxt.py" line="10" time="0.001" /><testcase classname="tests.test_on_fetched_robotstxt" name="test_no_exceptions[path_to_robotstxt385]" file="tests/test_on_fetched_robotstxt.py" line="10" time="0.002" /><testcase classname="tests.test_on_fetched_robotstxt" name="test_no_exceptions[path_to_robotstxt386]" file="tests/test_on_fetched_robotstxt.py" line="10" time="0.005" /><testcase classname="tests.test_on_fetched_robotstxt" name="test_no_exceptions[path_to_robotstxt387]" file="tests/test_on_fetched_robotstxt.py" line="10" time="0.002" /><testcase classname="tests.test_on_fetched_robotstxt" name="test_no_exceptions[path_to_robotstxt388]" file="tests/test_on_fetched_robotstxt.py" line="10" time="0.002" /><testcase classname="tests.test_on_fetched_robotstxt" name="test_no_exceptions[path_to_robotstxt389]" file="tests/test_on_fetched_robotstxt.py" line="10" time="0.002" /><testcase classname="tests.test_on_fetched_robotstxt" name="test_no_exceptions[path_to_robotstxt390]" file="tests/test_on_fetched_robotstxt.py" line="10" time="0.002" /><testcase classname="tests.test_on_fetched_robotstxt" name="test_no_exceptions[path_to_robotstxt391]" file="tests/test_on_fetched_robotstxt.py" line="10" time="0.001" /><testcase classname="tests.test_on_fetched_robotstxt" name="test_no_exceptions[path_to_robotstxt392]" file="tests/test_on_fetched_robotstxt.py" line="10" time="0.001" /><testcase classname="tests.test_on_fetched_robotstxt" name="test_no_exceptions[path_to_robotstxt393]" file="tests/test_on_fetched_robotstxt.py" line="10" time="0.001" /><testcase classname="tests.test_on_fetched_robotstxt" name="test_no_exceptions[path_to_robotstxt394]" file="tests/test_on_fetched_robotstxt.py" line="10" time="0.001" /><testcase classname="tests.test_on_fetched_robotstxt" name="test_no_exceptions[path_to_robotstxt395]" file="tests/test_on_fetched_robotstxt.py" line="10" time="0.002" /><testcase classname="tests.test_on_fetched_robotstxt" name="test_no_exceptions[path_to_robotstxt396]" file="tests/test_on_fetched_robotstxt.py" line="10" time="0.002" /><testcase classname="tests.test_on_fetched_robotstxt" name="test_no_exceptions[path_to_robotstxt397]" file="tests/test_on_fetched_robotstxt.py" line="10" time="0.005" /><testcase classname="tests.test_on_fetched_robotstxt" name="test_no_exceptions[path_to_robotstxt398]" file="tests/test_on_fetched_robotstxt.py" line="10" time="0.006" /><testcase classname="tests.test_on_fetched_robotstxt" name="test_no_exceptions[path_to_robotstxt399]" file="tests/test_on_fetched_robotstxt.py" line="10" time="0.002" /><testcase classname="tests.test_on_fetched_robotstxt" name="test_no_exceptions[path_to_robotstxt400]" file="tests/test_on_fetched_robotstxt.py" line="10" time="0.001" /><testcase classname="tests.test_on_fetched_robotstxt" name="test_no_exceptions[path_to_robotstxt401]" file="tests/test_on_fetched_robotstxt.py" line="10" time="0.002" /><testcase classname="tests.test_on_fetched_robotstxt" name="test_no_exceptions[path_to_robotstxt402]" file="tests/test_on_fetched_robotstxt.py" line="10" time="0.001" /><testcase classname="tests.test_on_fetched_robotstxt" name="test_no_exceptions[path_to_robotstxt403]" file="tests/test_on_fetched_robotstxt.py" line="10" time="0.001" /><testcase classname="tests.test_on_fetched_robotstxt" name="test_no_exceptions[path_to_robotstxt404]" file="tests/test_on_fetched_robotstxt.py" line="10" time="0.003" /><testcase classname="tests.test_on_fetched_robotstxt" name="test_no_exceptions[path_to_robotstxt405]" file="tests/test_on_fetched_robotstxt.py" line="10" time="0.001" /><testcase classname="tests.test_on_fetched_robotstxt" name="test_no_exceptions[path_to_robotstxt406]" file="tests/test_on_fetched_robotstxt.py" line="10" time="0.001" /><testcase classname="tests.test_on_fetched_robotstxt" name="test_no_exceptions[path_to_robotstxt407]" file="tests/test_on_fetched_robotstxt.py" line="10" time="0.003" /><testcase classname="tests.test_on_fetched_robotstxt" name="test_no_exceptions[path_to_robotstxt408]" file="tests/test_on_fetched_robotstxt.py" line="10" time="0.001" /><testcase classname="tests.test_on_fetched_robotstxt" name="test_no_exceptions[path_to_robotstxt409]" file="tests/test_on_fetched_robotstxt.py" line="10" time="0.003" /><testcase classname="tests.test_on_fetched_robotstxt" name="test_no_exceptions[path_to_robotstxt410]" file="tests/test_on_fetched_robotstxt.py" line="10" time="0.001" /><testcase classname="tests.test_on_fetched_robotstxt" name="test_no_exceptions[path_to_robotstxt411]" file="tests/test_on_fetched_robotstxt.py" line="10" time="0.003" /><testcase classname="tests.test_on_fetched_robotstxt" name="test_no_exceptions[path_to_robotstxt412]" file="tests/test_on_fetched_robotstxt.py" line="10" time="0.007" /><testcase classname="tests.test_on_fetched_robotstxt" name="test_no_exceptions[path_to_robotstxt413]" file="tests/test_on_fetched_robotstxt.py" line="10" time="0.002" /><testcase classname="tests.test_on_fetched_robotstxt" name="test_no_exceptions[path_to_robotstxt414]" file="tests/test_on_fetched_robotstxt.py" line="10" time="0.008" /><testcase classname="tests.test_on_fetched_robotstxt" name="test_no_exceptions[path_to_robotstxt415]" file="tests/test_on_fetched_robotstxt.py" line="10" time="0.016" /><testcase classname="tests.test_on_fetched_robotstxt" name="test_no_exceptions[path_to_robotstxt416]" file="tests/test_on_fetched_robotstxt.py" line="10" time="0.006" /><testcase classname="tests.test_on_fetched_robotstxt" name="test_no_exceptions[path_to_robotstxt417]" file="tests/test_on_fetched_robotstxt.py" line="10" time="0.002" /><testcase classname="tests.test_on_fetched_robotstxt" name="test_no_exceptions[path_to_robotstxt418]" file="tests/test_on_fetched_robotstxt.py" line="10" time="0.005" /><testcase classname="tests.test_on_fetched_robotstxt" name="test_no_exceptions[path_to_robotstxt419]" file="tests/test_on_fetched_robotstxt.py" line="10" time="0.002" /><testcase classname="tests.test_on_fetched_robotstxt" name="test_no_exceptions[path_to_robotstxt420]" file="tests/test_on_fetched_robotstxt.py" line="10" time="0.003" /><testcase classname="tests.test_on_fetched_robotstxt" name="test_no_exceptions[path_to_robotstxt421]" file="tests/test_on_fetched_robotstxt.py" line="10" time="0.004" /><testcase classname="tests.test_on_fetched_robotstxt" name="test_no_exceptions[path_to_robotstxt422]" file="tests/test_on_fetched_robotstxt.py" line="10" time="0.002" /><testcase classname="tests.test_on_fetched_robotstxt" name="test_no_exceptions[path_to_robotstxt423]" file="tests/test_on_fetched_robotstxt.py" line="10" time="0.002" /><testcase classname="tests.test_on_fetched_robotstxt" name="test_no_exceptions[path_to_robotstxt424]" file="tests/test_on_fetched_robotstxt.py" line="10" time="0.002" /><testcase classname="tests.test_on_fetched_robotstxt" name="test_no_exceptions[path_to_robotstxt425]" file="tests/test_on_fetched_robotstxt.py" line="10" time="0.002" /><testcase classname="tests.test_on_fetched_robotstxt" name="test_no_exceptions[path_to_robotstxt426]" file="tests/test_on_fetched_robotstxt.py" line="10" time="0.001" /><testcase classname="tests.test_on_fetched_robotstxt" name="test_no_exceptions[path_to_robotstxt427]" file="tests/test_on_fetched_robotstxt.py" line="10" time="0.001" /><testcase classname="tests.test_on_fetched_robotstxt" name="test_no_exceptions[path_to_robotstxt428]" file="tests/test_on_fetched_robotstxt.py" line="10" time="0.001" /><testcase classname="tests.test_on_fetched_robotstxt" name="test_no_exceptions[path_to_robotstxt429]" file="tests/test_on_fetched_robotstxt.py" line="10" time="0.002" /><testcase classname="tests.test_on_fetched_robotstxt" name="test_no_exceptions[path_to_robotstxt430]" file="tests/test_on_fetched_robotstxt.py" line="10" time="0.002" /><testcase classname="tests.test_on_fetched_robotstxt" name="test_no_exceptions[path_to_robotstxt431]" file="tests/test_on_fetched_robotstxt.py" line="10" time="0.001" /><testcase classname="tests.test_on_fetched_robotstxt" name="test_no_exceptions[path_to_robotstxt432]" file="tests/test_on_fetched_robotstxt.py" line="10" time="0.004" /><testcase classname="tests.test_on_fetched_robotstxt" name="test_no_exceptions[path_to_robotstxt433]" file="tests/test_on_fetched_robotstxt.py" line="10" time="0.005" /><testcase classname="tests.test_on_fetched_robotstxt" name="test_no_exceptions[path_to_robotstxt434]" file="tests/test_on_fetched_robotstxt.py" line="10" time="0.002" /><testcase classname="tests.test_on_fetched_robotstxt" name="test_no_exceptions[path_to_robotstxt435]" file="tests/test_on_fetched_robotstxt.py" line="10" time="0.002" /><testcase classname="tests.test_on_fetched_robotstxt" name="test_no_exceptions[path_to_robotstxt436]" file="tests/test_on_fetched_robotstxt.py" line="10" time="0.001" /><testcase classname="tests.test_on_fetched_robotstxt" name="test_no_exceptions[path_to_robotstxt437]" file="tests/test_on_fetched_robotstxt.py" line="10" time="0.002" /><testcase classname="tests.test_on_fetched_robotstxt" name="test_no_exceptions[path_to_robotstxt438]" file="tests/test_on_fetched_robotstxt.py" line="10" time="0.001" /><testcase classname="tests.test_on_fetched_robotstxt" name="test_no_exceptions[path_to_robotstxt439]" file="tests/test_on_fetched_robotstxt.py" line="10" time="0.014" /><testcase classname="tests.test_on_fetched_robotstxt" name="test_no_exceptions[path_to_robotstxt440]" file="tests/test_on_fetched_robotstxt.py" line="10" time="0.006" /><testcase classname="tests.test_on_fetched_robotstxt" name="test_no_exceptions[path_to_robotstxt441]" file="tests/test_on_fetched_robotstxt.py" line="10" time="0.001" /><testcase classname="tests.test_on_fetched_robotstxt" name="test_no_exceptions[path_to_robotstxt442]" file="tests/test_on_fetched_robotstxt.py" line="10" time="0.005" /><testcase classname="tests.test_on_fetched_robotstxt" name="test_no_exceptions[path_to_robotstxt443]" file="tests/test_on_fetched_robotstxt.py" line="10" time="0.002" /><testcase classname="tests.test_on_fetched_robotstxt" name="test_no_exceptions[path_to_robotstxt444]" file="tests/test_on_fetched_robotstxt.py" line="10" time="0.001" /><testcase classname="tests.test_on_fetched_robotstxt" name="test_no_exceptions[path_to_robotstxt445]" file="tests/test_on_fetched_robotstxt.py" line="10" time="0.004" /><testcase classname="tests.test_on_fetched_robotstxt" name="test_no_exceptions[path_to_robotstxt446]" file="tests/test_on_fetched_robotstxt.py" line="10" time="0.002" /><testcase classname="tests.test_on_fetched_robotstxt" name="test_no_exceptions[path_to_robotstxt447]" file="tests/test_on_fetched_robotstxt.py" line="10" time="0.004" /><testcase classname="tests.test_on_fetched_robotstxt" name="test_no_exceptions[path_to_robotstxt448]" file="tests/test_on_fetched_robotstxt.py" line="10" time="0.001" /><testcase classname="tests.test_on_fetched_robotstxt" name="test_no_exceptions[path_to_robotstxt449]" file="tests/test_on_fetched_robotstxt.py" line="10" time="0.001" /><testcase classname="tests.test_on_fetched_robotstxt" name="test_no_exceptions[path_to_robotstxt450]" file="tests/test_on_fetched_robotstxt.py" line="10" time="0.002" /><testcase classname="tests.test_on_fetched_robotstxt" name="test_no_exceptions[path_to_robotstxt451]" file="tests/test_on_fetched_robotstxt.py" line="10" time="0.002" /><testcase classname="tests.test_on_fetched_robotstxt" name="test_no_exceptions[path_to_robotstxt452]" file="tests/test_on_fetched_robotstxt.py" line="10" time="0.003" /><testcase classname="tests.test_on_fetched_robotstxt" name="test_no_exceptions[path_to_robotstxt453]" file="tests/test_on_fetched_robotstxt.py" line="10" time="0.001" /><testcase classname="tests.test_on_fetched_robotstxt" name="test_no_exceptions[path_to_robotstxt454]" file="tests/test_on_fetched_robotstxt.py" line="10" time="0.002" /><testcase classname="tests.test_on_fetched_robotstxt" name="test_no_exceptions[path_to_robotstxt455]" file="tests/test_on_fetched_robotstxt.py" line="10" time="0.001" /><testcase classname="tests.test_on_fetched_robotstxt" name="test_no_exceptions[path_to_robotstxt456]" file="tests/test_on_fetched_robotstxt.py" line="10" time="0.001" /><testcase classname="tests.test_on_fetched_robotstxt" name="test_no_exceptions[path_to_robotstxt457]" file="tests/test_on_fetched_robotstxt.py" line="10" time="0.001" /><testcase classname="tests.test_on_fetched_robotstxt" name="test_no_exceptions[path_to_robotstxt458]" file="tests/test_on_fetched_robotstxt.py" line="10" time="0.001" /><testcase classname="tests.test_on_fetched_robotstxt" name="test_no_exceptions[path_to_robotstxt459]" file="tests/test_on_fetched_robotstxt.py" line="10" time="0.003" /><testcase classname="tests.test_on_fetched_robotstxt" name="test_no_exceptions[path_to_robotstxt460]" file="tests/test_on_fetched_robotstxt.py" line="10" time="0.002" /><testcase classname="tests.test_on_fetched_robotstxt" name="test_no_exceptions[path_to_robotstxt461]" file="tests/test_on_fetched_robotstxt.py" line="10" time="0.002" /><testcase classname="tests.test_on_fetched_robotstxt" name="test_no_exceptions[path_to_robotstxt462]" file="tests/test_on_fetched_robotstxt.py" line="10" time="0.003" /><testcase classname="tests.test_on_fetched_robotstxt" name="test_no_exceptions[path_to_robotstxt463]" file="tests/test_on_fetched_robotstxt.py" line="10" time="0.002" /><testcase classname="tests.test_on_fetched_robotstxt" name="test_no_exceptions[path_to_robotstxt464]" file="tests/test_on_fetched_robotstxt.py" line="10" time="0.001" /><testcase classname="tests.test_on_fetched_robotstxt" name="test_no_exceptions[path_to_robotstxt465]" file="tests/test_on_fetched_robotstxt.py" line="10" time="0.007" /><testcase classname="tests.test_on_fetched_robotstxt" name="test_no_exceptions[path_to_robotstxt466]" file="tests/test_on_fetched_robotstxt.py" line="10" time="0.001" /><testcase classname="tests.test_on_fetched_robotstxt" name="test_no_exceptions[path_to_robotstxt467]" file="tests/test_on_fetched_robotstxt.py" line="10" time="0.002" /><testcase classname="tests.test_on_fetched_robotstxt" name="test_no_exceptions[path_to_robotstxt468]" file="tests/test_on_fetched_robotstxt.py" line="10" time="0.002" /><testcase classname="tests.test_on_fetched_robotstxt" name="test_no_exceptions[path_to_robotstxt469]" file="tests/test_on_fetched_robotstxt.py" line="10" time="0.003" /><testcase classname="tests.test_on_fetched_robotstxt" name="test_no_exceptions[path_to_robotstxt470]" file="tests/test_on_fetched_robotstxt.py" line="10" time="0.001" /><testcase classname="tests.test_on_fetched_robotstxt" name="test_no_exceptions[path_to_robotstxt471]" file="tests/test_on_fetched_robotstxt.py" line="10" time="0.001" /><testcase classname="tests.test_on_fetched_robotstxt" name="test_no_exceptions[path_to_robotstxt472]" file="t
[...]
on_google_spec.py" line="66" time="0.001" /><testcase classname="tests.test_on_google_spec" name="test_path_matching[/phoenix-/phoenixheads-True]" file="tests/test_on_google_spec.py" line="66" time="0.001" /><testcase classname="tests.test_on_google_spec" name="test_path_matching[/phoenix-/phoenixheads/yummy.html-True]" file="tests/test_on_google_spec.py" line="66" time="0.001" /><testcase classname="tests.test_on_google_spec" name="test_path_matching[/phoenix-/phoenix.php?id=anything-True]" file="tests/test_on_google_spec.py" line="66" time="0.001" /><testcase classname="tests.test_on_google_spec" name="test_path_matching[/phoenix-/Phoenix.asp-False]" file="tests/test_on_google_spec.py" line="66" time="0.001" /><testcase classname="tests.test_on_google_spec" name="test_path_matching[/phoenix-/redphoenix-False]" file="tests/test_on_google_spec.py" line="66" time="0.002" /><testcase classname="tests.test_on_google_spec" name="test_path_matching[/phoenix-/?id=phoenix-False]" file="tests/test_on_google_spec.py" line="66" time="0.002" /><testcase classname="tests.test_on_google_spec" name="test_path_matching[/phoenix*-/phoenix-True]" file="tests/test_on_google_spec.py" line="66" time="0.001" /><testcase classname="tests.test_on_google_spec" name="test_path_matching[/phoenix*-/phoenix.html-True]" file="tests/test_on_google_spec.py" line="66" time="0.001" /><testcase classname="tests.test_on_google_spec" name="test_path_matching[/phoenix*-/phoenix/sparky.html-True]" file="tests/test_on_google_spec.py" line="66" time="0.001" /><testcase classname="tests.test_on_google_spec" name="test_path_matching[/phoenix*-/phoenixheads-True]" file="tests/test_on_google_spec.py" line="66" time="0.001" /><testcase classname="tests.test_on_google_spec" name="test_path_matching[/phoenix*-/phoenixheads/yummy.html-True]" file="tests/test_on_google_spec.py" line="66" time="0.002" /><testcase classname="tests.test_on_google_spec" name="test_path_matching[/phoenix*-/phoenix.php?id=anything-True]" file="tests/test_on_google_spec.py" line="66" time="0.001" /><testcase classname="tests.test_on_google_spec" name="test_path_matching[/phoenix*-/Phoenix.asp-False]" file="tests/test_on_google_spec.py" line="66" time="0.001" /><testcase classname="tests.test_on_google_spec" name="test_path_matching[/phoenix*-/redphoenix-False]" file="tests/test_on_google_spec.py" line="66" time="0.002" /><testcase classname="tests.test_on_google_spec" name="test_path_matching[/phoenix*-/?id=phoenix-False]" file="tests/test_on_google_spec.py" line="66" time="0.001" /><testcase classname="tests.test_on_google_spec" name="test_path_matching[/phoenix/-/phoenix/-True]" file="tests/test_on_google_spec.py" line="66" time="0.001" /><testcase classname="tests.test_on_google_spec" name="test_path_matching[/phoenix/-/phoenix/?id=anything-True]" file="tests/test_on_google_spec.py" line="66" time="0.001" /><testcase classname="tests.test_on_google_spec" name="test_path_matching[/phoenix/-/phoenix/sparky.htm-True]" file="tests/test_on_google_spec.py" line="66" time="0.001" /><testcase classname="tests.test_on_google_spec" name="test_path_matching[/phoenix/-/phoenix-False]" file="tests/test_on_google_spec.py" line="66" time="0.002" /><testcase classname="tests.test_on_google_spec" name="test_path_matching[/phoenix/-/phoenix.html-False]" file="tests/test_on_google_spec.py" line="66" time="0.002" /><testcase classname="tests.test_on_google_spec" name="test_path_matching[/phoenix/-/Phoenix/Sparky.asp-False]" file="tests/test_on_google_spec.py" line="66" time="0.001" /><testcase classname="tests.test_on_google_spec" name="test_path_matching[/*.php-/filename.php-True]" file="tests/test_on_google_spec.py" line="66" time="0.001" /><testcase classname="tests.test_on_google_spec" name="test_path_matching[/*.php-/folder/filename.php-True]" file="tests/test_on_google_spec.py" line="66" time="0.001" /><testcase classname="tests.test_on_google_spec" name="test_path_matching[/*.php-/folder/filename.php?parameters-True]" file="tests/test_on_google_spec.py" line="66" time="0.001" /><testcase classname="tests.test_on_google_spec" name="test_path_matching[/*.php-/folder/any.php.file.html-True]" file="tests/test_on_google_spec.py" line="66" time="0.001" /><testcase classname="tests.test_on_google_spec" name="test_path_matching[/*.php-/filename.php/-True]" file="tests/test_on_google_spec.py" line="66" time="0.002" /><testcase classname="tests.test_on_google_spec" name="test_path_matching[/*.php-/windows.PHP-False]" file="tests/test_on_google_spec.py" line="66" time="0.001" /><testcase classname="tests.test_on_google_spec" name="test_path_matching[/*.php-/-False]" file="tests/test_on_google_spec.py" line="66" time="0.001" /><testcase classname="tests.test_on_google_spec" name="test_path_matching[/*.php-/index?f=filename.php/-True]" file="tests/test_on_google_spec.py" line="66" time="0.001" /><testcase classname="tests.test_on_google_spec" name="test_path_matching[/*.php-/index?php-False]" file="tests/test_on_google_spec.py" line="66" time="0.001" /><testcase classname="tests.test_on_google_spec" name="test_path_matching[/*.php$-/filename.php-True]" file="tests/test_on_google_spec.py" line="66" time="0.001" /><testcase classname="tests.test_on_google_spec" name="test_path_matching[/*.php$-/folder/filename.php-True]" file="tests/test_on_google_spec.py" line="66" time="0.001" /><testcase classname="tests.test_on_google_spec" name="test_path_matching[/*.php$-/filename.php?parameters-False]" file="tests/test_on_google_spec.py" line="66" time="0.001" /><testcase classname="tests.test_on_google_spec" name="test_path_matching[/*.php$-/filename.php/-False]" file="tests/test_on_google_spec.py" line="66" time="0.001" /><testcase classname="tests.test_on_google_spec" name="test_path_matching[/*.php$-/filename.php5-False]" file="tests/test_on_google_spec.py" line="66" time="0.001" /><testcase classname="tests.test_on_google_spec" name="test_path_matching[/*.php$-/windows.PHP-False]" file="tests/test_on_google_spec.py" line="66" time="0.001" /><testcase classname="tests.test_on_google_spec" name="test_path_matching[/*.php$-/filename?php-False]" file="tests/test_on_google_spec.py" line="66" time="0.001" /><testcase classname="tests.test_on_google_spec" name="test_path_matching[/fish*.php-/fish.php-True]" file="tests/test_on_google_spec.py" line="66" time="0.001" /><testcase classname="tests.test_on_google_spec" name="test_path_matching[/fish*.php-/fishheads/catfish.php?parameters-True]" file="tests/test_on_google_spec.py" line="66" time="0.001" /><testcase classname="tests.test_on_google_spec" name="test_path_matching[/fish*.php-/Fish.PHP-False]" file="tests/test_on_google_spec.py" line="66" time="0.001" /><testcase classname="tests.test_on_google_spec" name="test_record_precedence[allow: /p \n disallow: /-http://example.com/page-True]" file="tests/test_on_google_spec.py" line="129" time="0.001" /><testcase classname="tests.test_on_google_spec" name="test_record_precedence[allow: /folder \n disallow: /folder-http://example.com/folder/page-True]" file="tests/test_on_google_spec.py" line="129" time="0.001" /><testcase classname="tests.test_on_google_spec" name="test_record_precedence[allow: /$ \n disallow: /-http://example.com/-True]" file="tests/test_on_google_spec.py" line="129" time="0.001" /><testcase classname="tests.test_on_google_spec" name="test_record_precedence[allow: /$ \n disallow: /-http://example.com/page.htm-False]" file="tests/test_on_google_spec.py" line="129" time="0.002" /><testcase classname="tests.test_protego.TestProtego" name="test_allowed" file="tests/test_protego.py" line="9" time="0.002" /><testcase classname="tests.test_protego.TestProtego" name="test_malformed_disallow" file="tests/test_protego.py" line="22" time="0.001" /><testcase classname="tests.test_protego.TestProtego" name="test_length_based_precedence" file="tests/test_protego.py" line="40" time="0.004" /><testcase classname="tests.test_protego.TestProtego" name="test_escaped_url" file="tests/test_protego.py" line="112" time="0.001" /><testcase classname="tests.test_protego.TestProtego" name="test_unescaped_url" file="tests/test_protego.py" line="123" time="0.001" /><testcase classname="tests.test_protego.TestProtego" name="test_url_parts" file="tests/test_protego.py" line="134" time="0.001" /><testcase classname="tests.test_protego.TestProtego" name="test_sitemaps" file="tests/test_protego.py" line="151" time="0.001" /><testcase classname="tests.test_protego.TestProtego" name="test_no_sitemaps" file="tests/test_protego.py" line="167" time="0.001" /><testcase classname="tests.test_protego.TestProtego" name="test_no_preferred_host" file="tests/test_protego.py" line="174" time="0.001" /><testcase classname="tests.test_protego.TestProtego" name="test_crawl_delay[0]" file="tests/test_protego.py" line="181" time="0.001" /><testcase classname="tests.test_protego.TestProtego" name="test_crawl_delay[10]" file="tests/test_protego.py" line="181" time="0.001" /><testcase classname="tests.test_protego.TestProtego" name="test_crawl_delay[15]" file="tests/test_protego.py" line="181" time="0.001" /><testcase classname="tests.test_protego.TestProtego" name="test_malformed_crawl_delay[random_word]" file="tests/test_protego.py" line="195" time="0.001" /><testcase classname="tests.test_protego.TestProtego" name="test_malformed_crawl_delay[-5]" file="tests/test_protego.py" line="195" time="0.001" /><testcase classname="tests.test_protego.TestProtego" name="test_malformed_crawl_delay[-0.5]" file="tests/test_protego.py" line="195" time="0.001" /><testcase classname="tests.test_protego.TestProtego" name="test_malformed_crawl_delay[inf]" file="tests/test_protego.py" line="195" time="0.001" /><testcase classname="tests.test_protego.TestProtego" name="test_malformed_crawl_delay[-inf]" file="tests/test_protego.py" line="195" time="0.001" /><testcase classname="tests.test_protego.TestProtego" name="test_malformed_crawl_delay[nan]" file="tests/test_protego.py" line="195" time="0.001" /><testcase classname="tests.test_protego.TestProtego" name="test_no_crawl_delay" file="tests/test_protego.py" line="208" time="0.001" /><testcase classname="tests.test_protego.TestProtego" name="test_request_rate" file="tests/test_protego.py" line="213" time="0.001" /><testcase classname="tests.test_protego.TestProtego" name="test_request_rate_bare_number" file="tests/test_protego.py" line="267" time="0.001" /><testcase classname="tests.test_protego.TestProtego" name="test_no_request_rate" file="tests/test_protego.py" line="313" time="0.001" /><testcase classname="tests.test_protego.TestProtego" name="test_malformed_request_rate[one/two]" file="tests/test_protego.py" line="323" time="0.001" /><testcase classname="tests.test_protego.TestProtego" name="test_malformed_request_rate[5]" file="tests/test_protego.py" line="323" time="0.001" /><testcase classname="tests.test_protego.TestProtego" name="test_malformed_request_rate[-1/5]" file="tests/test_protego.py" line="323" time="0.001" /><testcase classname="tests.test_protego.TestProtego" name="test_malformed_request_rate[0/5]" file="tests/test_protego.py" line="323" time="0.001" /><testcase classname="tests.test_protego.TestProtego" name="test_malformed_request_rate[1/0]" file="tests/test_protego.py" line="323" time="0.001" /><testcase classname="tests.test_protego.TestProtego" name="test_malformed_request_rate[0/0]" file="tests/test_protego.py" line="323" time="0.001" /><testcase classname="tests.test_protego.TestProtego" name="test_malformed_request_rate[1/-5]" file="tests/test_protego.py" line="323" time="0.001" /><testcase classname="tests.test_protego.TestProtego" name="test_malformed_request_rate[1/5 9-17]" file="tests/test_protego.py" line="323" time="0.001" /><testcase classname="tests.test_protego.TestProtego" name="test_empty_response" file="tests/test_protego.py" line="342" time="0.001" /><testcase classname="tests.test_protego.TestProtego" name="test_allowed_wildcards" file="tests/test_protego.py" line="350" time="0.005" /><testcase classname="tests.test_protego.TestProtego" name="test_unicode_url_and_useragent" file="tests/test_protego.py" line="462" time="0.002" /><testcase classname="tests.test_protego.TestProtego" name="test_no_leading_user_agent" file="tests/test_protego.py" line="510" time="0.001" /><testcase classname="tests.test_protego.TestProtego" name="test_default_user_agent" file="tests/test_protego.py" line="528" time="0.001" /><testcase classname="tests.test_protego.TestProtego" name="test_user_agent_case_insensitivity" file="tests/test_protego.py" line="544" time="0.001" /><testcase classname="tests.test_protego.TestProtego" name="test_user_agent_grouping" file="tests/test_protego.py" line="560" time="0.002" /><testcase classname="tests.test_protego.TestProtego" name="test_comments" file="tests/test_protego.py" line="610" time="0.001" /><testcase classname="tests.test_protego.TestProtego" name="test_skip_unknown_directives" file="tests/test_protego.py" line="637" time="0.001" /><testcase classname="tests.test_protego.TestProtego" name="test_skip_malformed_line" file="tests/test_protego.py" line="651" time="0.001" /><testcase classname="tests.test_protego.TestProtego" name="test_empty_disallow_allow_directives" file="tests/test_protego.py" line="665" time="0.001" /><testcase classname="tests.test_protego.TestProtego" name="test_empty_record_group" file="tests/test_protego.py" line="680" time="0.001" /><testcase classname="tests.test_protego.TestProtego" name="test_empty_user_agent_line" file="tests/test_protego.py" line="690" time="0.001" /><testcase classname="tests.test_protego.TestProtego" name="test_global_directives_do_not_split_groups" file="tests/test_protego.py" line="740" time="0.001" /><testcase classname="tests.test_protego.TestProtego" name="test_preferred_host_before_user_agent" file="tests/test_protego.py" line="772" time="0.001" /><testcase classname="tests.test_protego.TestProtego" name="test_1994rfc_example" file="tests/test_protego.py" line="792" time="0.001" /><testcase classname="tests.test_protego.TestProtego" name="test_1996rfc_examples" file="tests/test_protego.py" line="819" time="0.004" /><testcase classname="tests.test_protego.TestProtego" name="test_implicit_allow" file="tests/test_protego.py" line="934" time="0.001" /><testcase classname="tests.test_protego.TestProtego" name="test_grouping_unknown_keys" file="tests/test_protego.py" line="950" time="0.001" /><testcase classname="tests.test_protego.TestProtego" name="test_generosity" file="tests/test_protego.py" line="975" time="0.001" /><testcase classname="tests.test_protego.TestProtego" name="test_generosity_case_insensitivity" file="tests/test_protego.py" line="1013" time="0.001" /><testcase classname="tests.test_protego.TestProtego" name="test_generosity_visit_time" file="tests/test_protego.py" line="1027" time="0.001" /><testcase classname="tests.test_protego.TestProtego" name="test_generosity_sitemap" file="tests/test_protego.py" line="1039" time="0.001" /><testcase classname="tests.test_protego.TestProtego" name="test_generosity_not_for_unknown_colon_directives" file="tests/test_protego.py" line="1052" time="0.001" /><testcase classname="tests.test_protego.TestProtego" name="test_generosity_tab_separated" file="tests/test_protego.py" line="1076" time="0.001" /><testcase classname="tests.test_protego.TestProtego" name="test_empty_field_line_does_not_merge_groups" file="tests/test_protego.py" line="1083" time="0.001" /><testcase classname="tests.test_protego.TestProtego" name="test_directive_case_insensitivity" file="tests/test_protego.py" line="1110" time="0.001" /><testcase classname="tests.test_protego.TestProtego" name="test_line_endings" file="tests/test_protego.py" line="1134" time="0.002" /><testcase classname="tests.test_protego.TestProtego" name="test_index_html_is_directory" file="tests/test_protego.py" line="1174" time="0.001" /><testcase classname="tests.test_protego.TestProtego" name="test_percentage_encoding" file="tests/test_protego.py" line="1185" time="0.001" /><testcase classname="tests.test_protego.TestProtego" name="test_url_case_sensitivity" file="tests/test_protego.py" line="1211" time="0.001" /><testcase classname="tests.test_protego.TestProtego" name="test_nonterminal_dollar" file="tests/test_protego.py" line="1220" time="0.002" /><testcase classname="tests.test_protego.TestProtego" name="test_escaped_special_symbols" file="tests/test_protego.py" line="1239" time="0.001" /><testcase classname="tests.test_protego.TestProtego" name="test_special_symbols_dual_behaviour" file="tests/test_protego.py" line="1250" time="0.001" /><testcase classname="tests.test_protego.TestProtego" name="test_with_absolute_urls" file="tests/test_protego.py" line="1258" time="0.001" /><testcase classname="tests.test_protego.TestProtego" name="test_sitemaps_come_first" file="tests/test_protego.py" line="1267" time="0.002" /><testcase classname="tests.test_protego.TestProtego" name="test_disallow_target_url_path_is_missing" file="tests/test_protego.py" line="1277" time="0.001" /><testcase classname="tests.test_protego.TestProtego" name="test_bytestrings" file="tests/test_protego.py" line="1283" time="0.003" /><testcase classname="tests.test_protego.TestProtego" name="test_leading_double_slash_in_pattern" file="tests/test_protego.py" line="1288" time="0.001" /><testcase classname="tests.test_protego.TestProtego" name="test_visit_time" file="tests/test_protego.py" line="1298" time="0.001" /><testcase classname="tests.test_protego.TestProtego" name="test_malformed_visit_time[9-17]" file="tests/test_protego.py" line="1317" time="0.001" /><testcase classname="tests.test_protego.TestProtego" name="test_malformed_visit_time[900]" file="tests/test_protego.py" line="1317" time="0.001" /><testcase classname="tests.test_protego.TestProtego" name="test_malformed_visit_time[0400-]" file="tests/test_protego.py" line="1317" time="0.001" /><testcase classname="tests.test_protego.TestProtego" name="test_malformed_visit_time[0400-0845-1000]" file="tests/test_protego.py" line="1317" time="0.001" /><testcase classname="tests.test_protego.TestProtego" name="test_malformed_visit_time[2500-2600]" file="tests/test_protego.py" line="1317" time="0.001" /><testcase classname="tests.test_protego.TestProtego" name="test_malformed_visit_time[abcd-efgh]" file="tests/test_protego.py" line="1317" time="0.001" /><testcase classname="tests.test_protego.TestProtego" name="test_parse_time_period" file="tests/test_protego.py" line="1333" time="0.002" /><testcase classname="tests.test_protego.TestProtego" name="test_disallow_query_wildcard" file="tests/test_protego.py" line="1351" time="0.001" /><testcase classname="tests.test_protego" name="test_leading_asterisk[*/p-/-http://example.com/page-True]" file="tests/test_protego.py" line="1359" time="0.001" /><testcase classname="tests.test_protego" name="test_leading_asterisk[/page-*/*.htm-https://example.com/page.htm-False]" file="tests/test_protego.py" line="1359" time="0.002" /><testcase classname="tests.test_protego" name="test_redos" file="tests/test_protego.py" line="1372" time="0.001" /><testcase classname="tests.test_unquote.TestUnquote" name="test_unquoting" file="tests/test_unquote.py" line="6" time="0.002" /><testcase classname="tests.test_unquote.TestUnquote" name="test_unquoting_badpercent" file="tests/test_unquote.py" line="22" time="0.001" /><testcase classname="tests.test_unquote.TestUnquote" name="test_unquoting_parts" file="tests/test_unquote.py" line="39" time="0.001" /><testcase classname="tests.test_unquote.TestUnquote" name="test_unquoting_plus" file="tests/test_unquote.py" line="47" time="0.001" /><testcase classname="tests.test_unquote.TestUnquote" name="test_unquote_with_unicode" file="tests/test_unquote.py" line="54" time="0.001" /><testcase classname="tests.test_unquote.TestUnquote" name="test_escape_sequence_uppercase" file="tests/test_unquote.py" line="92" time="0.001" /></testsuite></testsuites>